2021-07-25T19:34:43.233+0530 [DEBUG] [org.gradle.launcher.daemon.bootstrap.DaemonMain] Assuming the daemon was started with following jvm opts: [-XX:MaxMetaspaceSize=256m, -XX:+HeapDumpOnOutOfMemoryError, -javaagent:C:\Program Files\Android\Android Studio\plugins\android\resources\trace_agent.jar=C:\Users\hp\AppData\Local\Temp\sync.trace.profile, --add-opens, java.base/java.util=ALL-UNNAMED, --add-opens, java.base/java.lang=ALL-UNNAMED, --add-opens, java.base/java.lang.invoke=ALL-UNNAMED, --add-opens, java.prefs/java.util.prefs=ALL-UNNAMED, -Xms256m, -Xmx512m, -Dfile.encoding=windows-1252, -Duser.country=IN, -Duser.language=en, -Duser.variant]
2021-07-25T19:34:43.731+0530 [DEBUG] [org.gradle.internal.nativeintegration.services.NativeServices] Native-platform posix files integration is not available. Continuing with fallback.
2021-07-25T19:34:44.149+0530 [INFO] [org.gradle.launcher.daemon.server.Daemon] start() called on daemon - DefaultDaemonContext[uid=5ea795b0-3482-444a-bc84-a0c00de91db0,javaHome=C:\Program Files\Android\Android Studio\jre,daemonRegistryDir=C:\Users\hp\AndroidStudioProjects\m8-calculator\daemon,pid=11304,idleTimeout=10800000,priority=NORMAL,daemonOpts=-XX:MaxMetaspaceSize=256m,-XX:+HeapDumpOnOutOfMemoryError,-javaagent:C:\Program Files\Android\Android Studio\plugins\android\resources\trace_agent.jar=C:\Users\hp\AppData\Local\Temp\sync.trace.profile,--add-opens,java.base/java.util=ALL-UNNAMED,--add-opens,java.base/java.lang=ALL-UNNAMED,--add-opens,java.base/java.lang.invoke=ALL-UNNAMED,--add-opens,java.prefs/java.util.prefs=ALL-UNNAMED,-Xms256m,-Xmx512m,-Dfile.encoding=windows-1252,-Duser.country=IN,-Duser.language=en,-Duser.variant]
2021-07-25T19:34:46.000+0530 [DEBUG] [org.gradle.internal.remote.internal.inet.InetAddresses] Adding IP addresses for network interface Software Loopback Interface 1
2021-07-25T19:34:46.011+0530 [DEBUG] [org.gradle.internal.remote.internal.inet.InetAddresses] Is this a loopback interface? true
2021-07-25T19:34:46.012+0530 [DEBUG] [org.gradle.internal.remote.internal.inet.InetAddresses] Adding loopback address /127.0.0.1
2021-07-25T19:34:46.012+0530 [DEBUG] [org.gradle.internal.remote.internal.inet.InetAddresses] Adding loopback address /0:0:0:0:0:0:0:1
2021-07-25T19:34:46.027+0530 [DEBUG] [org.gradle.internal.remote.internal.inet.InetAddresses] Adding IP addresses for network interface Microsoft 6to4 Adapter
2021-07-25T19:34:46.045+0530 [DEBUG] [org.gradle.internal.remote.internal.inet.InetAddresses] Is this a loopback interface? false
2021-07-25T19:34:46.046+0530 [DEBUG] [org.gradle.internal.remote.internal.inet.InetAddresses] Adding IP addresses for network interface TAP-ProtonVPN Windows Adapter V9
2021-07-25T19:34:46.049+0530 [DEBUG] [org.gradle.internal.remote.internal.inet.InetAddresses] Is this a loopback interface? false
2021-07-25T19:34:46.050+0530 [DEBUG] [org.gradle.internal.remote.internal.inet.InetAddresses] Adding remote address /fe80:0:0:0:5cd4:82ef:d6df:a7cf%net1
2021-07-25T19:34:46.051+0530 [DEBUG] [org.gradle.internal.remote.internal.inet.InetAddresses] Adding IP addresses for network interface Microsoft Kernel Debug Network Adapter
2021-07-25T19:34:46.054+0530 [DEBUG] [org.gradle.internal.remote.internal.inet.InetAddresses] Is this a loopback interface? false
2021-07-25T19:34:46.055+0530 [DEBUG] [org.gradle.internal.remote.internal.inet.InetAddresses] Adding IP addresses for network interface Microsoft IP-HTTPS Platform Adapter
2021-07-25T19:34:46.062+0530 [DEBUG] [org.gradle.internal.remote.internal.inet.InetAddresses] Is this a loopback interface? false
2021-07-25T19:34:46.063+0530 [DEBUG] [org.gradle.internal.remote.internal.inet.InetAddresses] Adding IP addresses for network interface Microsoft Wi-Fi Direct Virtual Adapter #2
2021-07-25T19:34:46.088+0530 [DEBUG] [org.gradle.internal.remote.internal.inet.InetAddresses] Is this a loopback interface? false
2021-07-25T19:34:46.091+0530 [DEBUG] [org.gradle.internal.remote.internal.inet.InetAddresses] Adding IP addresses for network interface WAN Miniport (Network Monitor)
2021-07-25T19:34:46.179+0530 [DEBUG] [org.gradle.internal.remote.internal.inet.InetAddresses] Is this a loopback interface? false
2021-07-25T19:34:46.183+0530 [DEBUG] [org.gradle.internal.remote.internal.inet.InetAddresses] Adding IP addresses for network interface WAN Miniport (SSTP)
2021-07-25T19:34:46.295+0530 [DEBUG] [org.gradle.internal.remote.internal.inet.InetAddresses] Is this a loopback interface? false
2021-07-25T19:34:46.296+0530 [DEBUG] [org.gradle.internal.remote.internal.inet.InetAddresses] Adding IP addresses for network interface WAN Miniport (PPPOE)
2021-07-25T19:34:46.306+0530 [DEBUG] [org.gradle.internal.remote.internal.inet.InetAddresses] Is this a loopback interface? false
2021-07-25T19:34:46.310+0530 [DEBUG] [org.gradle.internal.remote.internal.inet.InetAddresses] Adding IP addresses for network interface Bluetooth Device (Personal Area Network)
2021-07-25T19:34:46.545+0530 [DEBUG] [org.gradle.internal.remote.internal.inet.InetAddresses] Is this a loopback interface? false
2021-07-25T19:34:46.546+0530 [DEBUG] [org.gradle.internal.remote.internal.inet.InetAddresses] Adding IP addresses for network interface Microsoft Teredo Tunneling Adapter
2021-07-25T19:34:46.557+0530 [DEBUG] [org.gradle.internal.remote.internal.inet.InetAddresses] Is this a loopback interface? false
2021-07-25T19:34:46.557+0530 [DEBUG] [org.gradle.internal.remote.internal.inet.InetAddresses] Adding IP addresses for network interface WAN Miniport (IPv6)
2021-07-25T19:34:46.617+0530 [DEBUG] [org.gradle.internal.remote.internal.inet.InetAddresses] Is this a loopback interface? false
2021-07-25T19:34:46.629+0530 [DEBUG] [org.gradle.internal.remote.internal.inet.InetAddresses] Adding IP addresses for network interface Microsoft Wi-Fi Direct Virtual Adapter
2021-07-25T19:34:46.701+0530 [DEBUG] [org.gradle.internal.remote.internal.inet.InetAddresses] Is this a loopback interface? false
2021-07-25T19:34:46.736+0530 [DEBUG] [org.gradle.internal.remote.internal.inet.InetAddresses] Adding IP addresses for network interface WAN Miniport (IP)
2021-07-25T19:34:46.772+0530 [DEBUG] [org.gradle.internal.remote.internal.inet.InetAddresses] Is this a loopback interface? false
2021-07-25T19:34:46.773+0530 [DEBUG] [org.gradle.internal.remote.internal.inet.InetAddresses] Adding IP addresses for network interface WAN Miniport (IKEv2)
2021-07-25T19:34:46.781+0530 [DEBUG] [org.gradle.internal.remote.internal.inet.InetAddresses] Is this a loopback interface? false
2021-07-25T19:34:46.785+0530 [DEBUG] [org.gradle.internal.remote.internal.inet.InetAddresses] Adding IP addresses for network interface Intel(R) Ethernet Connection I218-LM
2021-07-25T19:34:46.916+0530 [DEBUG] [org.gradle.internal.remote.internal.inet.InetAddresses] Is this a loopback interface? false
2021-07-25T19:34:46.916+0530 [DEBUG] [org.gradle.internal.remote.internal.inet.InetAddresses] Adding IP addresses for network interface WAN Miniport (L2TP)
2021-07-25T19:34:46.982+0530 [DEBUG] [org.gradle.internal.remote.internal.inet.InetAddresses] Is this a loopback interface? false
2021-07-25T19:34:46.989+0530 [DEBUG] [org.gradle.internal.remote.internal.inet.InetAddresses] Adding IP addresses for network interface Intel(R) Dual Band Wireless-AC 7260
2021-07-25T19:34:47.013+0530 [DEBUG] [org.gradle.internal.remote.internal.inet.InetAddresses] Is this a loopback interface? false
2021-07-25T19:34:47.013+0530 [DEBUG] [org.gradle.internal.remote.internal.inet.InetAddresses] Adding remote address /192.168.43.210
2021-07-25T19:34:47.014+0530 [DEBUG] [org.gradle.internal.remote.internal.inet.InetAddresses] Adding IP addresses for network interface WAN Miniport (PPTP)
2021-07-25T19:34:47.063+0530 [DEBUG] [org.gradle.internal.remote.internal.inet.InetAddresses] Is this a loopback interface? false
2021-07-25T19:34:47.063+0530 [DEBUG] [org.gradle.internal.remote.internal.inet.InetAddresses] Adding IP addresses for network interface Microsoft Wi-Fi Direct Virtual Adapter #3
2021-07-25T19:34:47.069+0530 [DEBUG] [org.gradle.internal.remote.internal.inet.InetAddresses] Is this a loopback interface? false
2021-07-25T19:34:47.071+0530 [DEBUG] [org.gradle.internal.remote.internal.inet.InetAddresses] Adding IP addresses for network interface TAP-ProtonVPN Windows Adapter V9-WFP Native MAC Layer LightWeight Filter-0000
2021-07-25T19:34:47.120+0530 [DEBUG] [org.gradle.internal.remote.internal.inet.InetAddresses] Is this a loopback interface? false
2021-07-25T19:34:47.120+0530 [DEBUG] [org.gradle.internal.remote.internal.inet.InetAddresses] Adding IP addresses for network interface TAP-ProtonVPN Windows Adapter V9-QoS Packet Scheduler-0000
2021-07-25T19:34:47.141+0530 [DEBUG] [org.gradle.internal.remote.internal.inet.InetAddresses] Is this a loopback interface? false
2021-07-25T19:34:47.169+0530 [DEBUG] [org.gradle.internal.remote.internal.inet.InetAddresses] Adding IP addresses for network interface TAP-ProtonVPN Windows Adapter V9-WFP 802.3 MAC Layer LightWeight Filter-0000
2021-07-25T19:34:47.197+0530 [DEBUG] [org.gradle.internal.remote.internal.inet.InetAddresses] Is this a loopback interface? false
2021-07-25T19:34:47.198+0530 [DEBUG] [org.gradle.internal.remote.internal.inet.InetAddresses] Adding IP addresses for network interface Intel(R) Ethernet Connection I218-LM-WFP Native MAC Layer LightWeight Filter-0000
2021-07-25T19:34:47.204+0530 [DEBUG] [org.gradle.internal.remote.internal.inet.InetAddresses] Is this a loopback interface? false
2021-07-25T19:34:47.205+0530 [DEBUG] [org.gradle.internal.remote.internal.inet.InetAddresses] Adding IP addresses for network interface Intel(R) Ethernet Connection I218-LM-QoS Packet Scheduler-0000
2021-07-25T19:34:47.246+0530 [DEBUG] [org.gradle.internal.remote.internal.inet.InetAddresses] Is this a loopback interface? false
2021-07-25T19:34:47.246+0530 [DEBUG] [org.gradle.internal.remote.internal.inet.InetAddresses] Adding IP addresses for network interface Intel(R) Ethernet Connection I218-LM-WFP 802.3 MAC Layer LightWeight Filter-0000
2021-07-25T19:34:47.268+0530 [DEBUG] [org.gradle.internal.remote.internal.inet.InetAddresses] Is this a loopback interface? false
2021-07-25T19:34:47.274+0530 [DEBUG] [org.gradle.internal.remote.internal.inet.InetAddresses] Adding IP addresses for network interface Intel(R) Dual Band Wireless-AC 7260-WFP Native MAC Layer LightWeight Filter-0000
2021-07-25T19:34:47.331+0530 [DEBUG] [org.gradle.internal.remote.internal.inet.InetAddresses] Is this a loopback interface? false
2021-07-25T19:34:47.331+0530 [DEBUG] [org.gradle.internal.remote.internal.inet.InetAddresses] Adding IP addresses for network interface Intel(R) Dual Band Wireless-AC 7260-Virtual WiFi Filter Driver-0000
2021-07-25T19:34:47.338+0530 [DEBUG] [org.gradle.internal.remote.internal.inet.InetAddresses] Is this a loopback interface? false
2021-07-25T19:34:47.340+0530 [DEBUG] [org.gradle.internal.remote.internal.inet.InetAddresses] Adding IP addresses for network interface Intel(R) Dual Band Wireless-AC 7260-Native WiFi Filter Driver-0000
2021-07-25T19:34:47.344+0530 [DEBUG] [org.gradle.internal.remote.internal.inet.InetAddresses] Is this a loopback interface? false
2021-07-25T19:34:47.345+0530 [DEBUG] [org.gradle.internal.remote.internal.inet.InetAddresses] Adding IP addresses for network interface Intel(R) Dual Band Wireless-AC 7260-QoS Packet Scheduler-0000
2021-07-25T19:34:47.359+0530 [DEBUG] [org.gradle.internal.remote.internal.inet.InetAddresses] Is this a loopback interface? false
2021-07-25T19:34:47.360+0530 [DEBUG] [org.gradle.internal.remote.internal.inet.InetAddresses] Adding IP addresses for network interface Intel(R) Dual Band Wireless-AC 7260-WFP 802.3 MAC Layer LightWeight Filter-0000
2021-07-25T19:34:47.363+0530 [DEBUG] [org.gradle.internal.remote.internal.inet.InetAddresses] Is this a loopback interface? false
2021-07-25T19:34:47.363+0530 [DEBUG] [org.gradle.internal.remote.internal.inet.InetAddresses] Adding IP addresses for network interface Microsoft Wi-Fi Direct Virtual Adapter-WFP Native MAC Layer LightWeight Filter-0000
2021-07-25T19:34:47.366+0530 [DEBUG] [org.gradle.internal.remote.internal.inet.InetAddresses] Is this a loopback interface? false
2021-07-25T19:34:47.366+0530 [DEBUG] [org.gradle.internal.remote.internal.inet.InetAddresses] Adding IP addresses for network interface Microsoft Wi-Fi Direct Virtual Adapter-Native WiFi Filter Driver-0000
2021-07-25T19:34:47.368+0530 [DEBUG] [org.gradle.internal.remote.internal.inet.InetAddresses] Is this a loopback interface? false
2021-07-25T19:34:47.369+0530 [DEBUG] [org.gradle.internal.remote.internal.inet.InetAddresses] Adding IP addresses for network interface Microsoft Wi-Fi Direct Virtual Adapter-QoS Packet Scheduler-0000
2021-07-25T19:34:47.374+0530 [DEBUG] [org.gradle.internal.remote.internal.inet.InetAddresses] Is this a loopback interface? false
2021-07-25T19:34:47.375+0530 [DEBUG] [org.gradle.internal.remote.internal.inet.InetAddresses] Adding IP addresses for network interface Microsoft Wi-Fi Direct Virtual Adapter-WFP 802.3 MAC Layer LightWeight Filter-0000
2021-07-25T19:34:47.382+0530 [DEBUG] [org.gradle.internal.remote.internal.inet.InetAddresses] Is this a loopback interface? false
2021-07-25T19:34:47.405+0530 [DEBUG] [org.gradle.internal.remote.internal.inet.InetAddresses] Adding IP addresses for network interface WAN Miniport (IP)-WFP Native MAC Layer LightWeight Filter-0000
2021-07-25T19:34:47.413+0530 [DEBUG] [org.gradle.internal.remote.internal.inet.InetAddresses] Is this a loopback interface? false
2021-07-25T19:34:47.414+0530 [DEBUG] [org.gradle.internal.remote.internal.inet.InetAddresses] Adding IP addresses for network interface WAN Miniport (IP)-QoS Packet Scheduler-0000
2021-07-25T19:34:47.417+0530 [DEBUG] [org.gradle.internal.remote.internal.inet.InetAddresses] Is this a loopback interface? false
2021-07-25T19:34:47.418+0530 [DEBUG] [org.gradle.internal.remote.internal.inet.InetAddresses] Adding IP addresses for network interface WAN Miniport (IPv6)-WFP Native MAC Layer LightWeight Filter-0000
2021-07-25T19:34:47.421+0530 [DEBUG] [org.gradle.internal.remote.internal.inet.InetAddresses] Is this a loopback interface? false
2021-07-25T19:34:47.421+0530 [DEBUG] [org.gradle.internal.remote.internal.inet.InetAddresses] Adding IP addresses for network interface WAN Miniport (IPv6)-QoS Packet Scheduler-0000
2021-07-25T19:34:47.424+0530 [DEBUG] [org.gradle.internal.remote.internal.inet.InetAddresses] Is this a loopback interface? false
2021-07-25T19:34:47.424+0530 [DEBUG] [org.gradle.internal.remote.internal.inet.InetAddresses] Adding IP addresses for network interface WAN Miniport (Network Monitor)-WFP Native MAC Layer LightWeight Filter-0000
2021-07-25T19:34:47.427+0530 [DEBUG] [org.gradle.internal.remote.internal.inet.InetAddresses] Is this a loopback interface? false
2021-07-25T19:34:47.427+0530 [DEBUG] [org.gradle.internal.remote.internal.inet.InetAddresses] Adding IP addresses for network interface WAN Miniport (Network Monitor)-QoS Packet Scheduler-0000
2021-07-25T19:34:47.430+0530 [DEBUG] [org.gradle.internal.remote.internal.inet.InetAddresses] Is this a loopback interface? false
2021-07-25T19:34:47.430+0530 [DEBUG] [org.gradle.internal.remote.internal.inet.InetAddresses] Adding IP addresses for network interface Microsoft Wi-Fi Direct Virtual Adapter #2-WFP Native MAC Layer LightWeight Filter-0000
2021-07-25T19:34:47.432+0530 [DEBUG] [org.gradle.internal.remote.internal.inet.InetAddresses] Is this a loopback interface? false
2021-07-25T19:34:47.433+0530 [DEBUG] [org.gradle.internal.remote.internal.inet.InetAddresses] Adding IP addresses for network interface Microsoft Wi-Fi Direct Virtual Adapter #2-Native WiFi Filter Driver-0000
2021-07-25T19:34:47.437+0530 [DEBUG] [org.gradle.internal.remote.internal.inet.InetAddresses] Is this a loopback interface? false
2021-07-25T19:34:47.437+0530 [DEBUG] [org.gradle.internal.remote.internal.inet.InetAddresses] Adding IP addresses for network interface Microsoft Wi-Fi Direct Virtual Adapter #2-QoS Packet Scheduler-0000
2021-07-25T19:34:47.442+0530 [DEBUG] [org.gradle.internal.remote.internal.inet.InetAddresses] Is this a loopback interface? false
2021-07-25T19:34:47.443+0530 [DEBUG] [org.gradle.internal.remote.internal.inet.InetAddresses] Adding IP addresses for network interface Microsoft Wi-Fi Direct Virtual Adapter #2-WFP 802.3 MAC Layer LightWeight Filter-0000
2021-07-25T19:34:47.448+0530 [DEBUG] [org.gradle.internal.remote.internal.inet.InetAddresses] Is this a loopback interface? false
2021-07-25T19:34:47.456+0530 [DEBUG] [org.gradle.internal.remote.internal.inet.TcpIncomingConnector] Listening on [16d16796-45c0-4103-8ee8-d6ed71696d50 port:57948, addresses:[localhost/127.0.0.1]].
2021-07-25T19:34:47.759+0530 [DEBUG] [org.gradle.launcher.daemon.server.Daemon] Daemon starting at: Sun Jul 25 19:34:47 IST 2021, with address: [16d16796-45c0-4103-8ee8-d6ed71696d50 port:57948, addresses:[localhost/127.0.0.1]]
2021-07-25T19:34:47.762+0530 [INFO] [org.gradle.launcher.daemon.server.DaemonRegistryUpdater] Advertising the daemon address to the clients: [16d16796-45c0-4103-8ee8-d6ed71696d50 port:57948, addresses:[localhost/127.0.0.1]]
2021-07-25T19:34:47.773+0530 [DEBUG] [org.gradle.launcher.daemon.server.DaemonRegistryUpdater] Advertised daemon context: DefaultDaemonContext[uid=5ea795b0-3482-444a-bc84-a0c00de91db0,javaHome=C:\Program Files\Android\Android Studio\jre,daemonRegistryDir=C:\Users\hp\AndroidStudioProjects\m8-calculator\daemon,pid=11304,idleTimeout=10800000,priority=NORMAL,daemonOpts=-XX:MaxMetaspaceSize=256m,-XX:+HeapDumpOnOutOfMemoryError,-javaagent:C:\Program Files\Android\Android Studio\plugins\android\resources\trace_agent.jar=C:\Users\hp\AppData\Local\Temp\sync.trace.profile,--add-opens,java.base/java.util=ALL-UNNAMED,--add-opens,java.base/java.lang=ALL-UNNAMED,--add-opens,java.base/java.lang.invoke=ALL-UNNAMED,--add-opens,java.prefs/java.util.prefs=ALL-UNNAMED,-Xms256m,-Xmx512m,-Dfile.encoding=windows-1252,-Duser.country=IN,-Duser.language=en,-Duser.variant]
2021-07-25T19:34:47.787+0530 [DEBUG] [org.gradle.launcher.daemon.registry.PersistentDaemonRegistry] Storing daemon address: [16d16796-45c0-4103-8ee8-d6ed71696d50 port:57948, addresses:[localhost/127.0.0.1]], context: DefaultDaemonContext[uid=5ea795b0-3482-444a-bc84-a0c00de91db0,javaHome=C:\Program Files\Android\Android Studio\jre,daemonRegistryDir=C:\Users\hp\AndroidStudioProjects\m8-calculator\daemon,pid=11304,idleTimeout=10800000,priority=NORMAL,daemonOpts=-XX:MaxMetaspaceSize=256m,-XX:+HeapDumpOnOutOfMemoryError,-javaagent:C:\Program Files\Android\Android Studio\plugins\android\resources\trace_agent.jar=C:\Users\hp\AppData\Local\Temp\sync.trace.profile,--add-opens,java.base/java.util=ALL-UNNAMED,--add-opens,java.base/java.lang=ALL-UNNAMED,--add-opens,java.base/java.lang.invoke=ALL-UNNAMED,--add-opens,java.prefs/java.util.prefs=ALL-UNNAMED,-Xms256m,-Xmx512m,-Dfile.encoding=windows-1252,-Duser.country=IN,-Duser.language=en,-Duser.variant]
2021-07-25T19:34:48.194+0530 [DEBUG] [org.gradle.cache.internal.DefaultFileLockManager] Waiting to acquire exclusive lock on daemon addresses registry.
2021-07-25T19:34:48.224+0530 [DEBUG] [org.gradle.cache.internal.DefaultFileLockManager] Lock acquired on daemon addresses registry.
2021-07-25T19:34:48.392+0530 [DEBUG] [org.gradle.cache.internal.DefaultFileLockManager] Releasing lock on daemon addresses registry.
2021-07-25T19:34:48.394+0530 [LIFECYCLE] [org.gradle.launcher.daemon.server.Daemon] Daemon server started.
2021-07-25T19:34:48.434+0530 [DEBUG] [org.gradle.internal.remote.internal.inet.TcpIncomingConnector] Accepted connection from /127.0.0.1:57949 to /127.0.0.1:57948.
2021-07-25T19:34:48.552+0530 [DEBUG] [org.gradle.launcher.daemon.bootstrap.DaemonStartupCommunication] Completed writing the daemon greeting. Closing streams...
2021-07-25T19:34:48.733+0530 [DEBUG] [org.gradle.launcher.daemon.server.Daemon] stopOnExpiration() called on daemon
2021-07-25T19:34:48.738+0530 [DEBUG] [org.gradle.launcher.daemon.server.Daemon] awaitExpiration() called on daemon
2021-07-25T19:34:48.739+0530 [DEBUG] [org.gradle.launcher.daemon.server.DaemonStateCoordinator] daemon is running. Sleeping until state changes.
2021-07-25T19:34:50.018+0530 [DEBUG] [org.gradle.launcher.daemon.server.SynchronizedDispatchConnection] thread 18: received class org.gradle.launcher.daemon.protocol.Build
2021-07-25T19:34:50.029+0530 [DEBUG] [org.gradle.launcher.daemon.server.DefaultDaemonConnection] thread 18: Received non-IO message from client: Build{id=252cbd3f-989c-4c1e-9371-7e474aba576a, currentDir=C:\Users\hp\AndroidStudioProjects\m8-calculator}
2021-07-25T19:34:50.059+0530 [INFO] [org.gradle.launcher.daemon.server.DefaultIncomingConnectionHandler] Received command: Build{id=252cbd3f-989c-4c1e-9371-7e474aba576a, currentDir=C:\Users\hp\AndroidStudioProjects\m8-calculator}.
2021-07-25T19:34:50.059+0530 [DEBUG] [org.gradle.launcher.daemon.server.DefaultIncomingConnectionHandler] Starting executing command: Build{id=252cbd3f-989c-4c1e-9371-7e474aba576a, currentDir=C:\Users\hp\AndroidStudioProjects\m8-calculator} with connection: socket connection from /127.0.0.1:57948 to /127.0.0.1:57949.
2021-07-25T19:34:50.104+0530 [ERROR] [org.gradle.launcher.daemon.server.DaemonStateCoordinator] Command execution: started DaemonCommandExecution[command = Build{id=252cbd3f-989c-4c1e-9371-7e474aba576a, currentDir=C:\Users\hp\AndroidStudioProjects\m8-calculator}, connection = DefaultDaemonConnection: socket connection from /127.0.0.1:57948 to /127.0.0.1:57949] after 0.0 minutes of idle
2021-07-25T19:34:50.104+0530 [INFO] [org.gradle.launcher.daemon.server.DaemonRegistryUpdater] Marking the daemon as busy, address: [16d16796-45c0-4103-8ee8-d6ed71696d50 port:57948, addresses:[localhost/127.0.0.1]]
2021-07-25T19:34:50.113+0530 [DEBUG] [org.gradle.launcher.daemon.registry.PersistentDaemonRegistry] Marking busy by address: [16d16796-45c0-4103-8ee8-d6ed71696d50 port:57948, addresses:[localhost/127.0.0.1]]
2021-07-25T19:34:50.278+0530 [DEBUG] [org.gradle.cache.internal.DefaultFileLockManager] Waiting to acquire exclusive lock on daemon addresses registry.
2021-07-25T19:34:50.279+0530 [DEBUG] [org.gradle.cache.internal.DefaultFileLockManager] Lock acquired on daemon addresses registry.
2021-07-25T19:34:50.382+0530 [DEBUG] [org.gradle.cache.internal.DefaultFileLockManager] Releasing lock on daemon addresses registry.
2021-07-25T19:34:50.386+0530 [DEBUG] [org.gradle.launcher.daemon.server.DaemonStateCoordinator] resetting idle timer
2021-07-25T19:34:50.386+0530 [DEBUG] [org.gradle.launcher.daemon.server.DaemonStateCoordinator] daemon is running. Sleeping until state changes.
2021-07-25T19:34:50.544+0530 [INFO] [org.gradle.launcher.daemon.server.exec.StartBuildOrRespondWithBusy] Daemon is about to start building Build{id=252cbd3f-989c-4c1e-9371-7e474aba576a, currentDir=C:\Users\hp\AndroidStudioProjects\m8-calculator}. Dispatching build started information...
2021-07-25T19:34:50.545+0530 [DEBUG] [org.gradle.launcher.daemon.server.SynchronizedDispatchConnection] thread 21: dispatching org.gradle.launcher.daemon.protocol.BuildStarted@1276e93d
2021-07-25T19:34:50.556+0530 [DEBUG] [org.gradle.launcher.daemon.server.exec.EstablishBuildEnvironment] Configuring env variables: {USERDOMAIN_ROAMINGPROFILE=DESKTOP-KDE1DVA, LOCALAPPDATA=C:\Users\hp\AppData\Local, PROCESSOR_LEVEL=6, USERDOMAIN=DESKTOP-KDE1DVA, FPS_BROWSER_APP_PROFILE_STRING=Internet Explorer, LOGONSERVER=\\DESKTOP-KDE1DVA, JAVA_HOME=C:\Program Files\Java\jdk-15.0.2, SESSIONNAME=Console, ALLUSERSPROFILE=C:\ProgramData, PROCESSOR_ARCHITECTURE=AMD64, PSModulePath=C:\Program Files\WindowsPowerShell\Modules;C:\Windows\system32\WindowsPowerShell\v1.0\Modules, SystemDrive=C:, QT_DEVICE_PIXEL_RATIO=auto, OneDrive=C:\Users\hp\OneDrive, APPDATA=C:\Users\hp\AppData\Roaming, USERNAME=hp, ProgramFiles(x86)=C:\Program Files (x86), CommonProgramFiles=C:\Program Files\Common Files, ANDROID_ADB_SERVER_PORT=50370, Path=C:\Program Files\Common Files\Oracle\Java\javapath;C:\Windows\system32;C:\Windows;C:\Windows\System32\Wbem;C:\Windows\System32\WindowsPowerShell\v1.0\;C:\Windows\System32\OpenSSH\;C:\Program Files\Microsoft VS Code\bin;C:\Program Files\Git\cmd;C:\Program Files\Python39;C:\Program Files\MongoDB\Server\4.4\bin;C:\Program Files\Java\jdk-15.0.2\bin;C:\src\flutter\bin;C:\Program Files\Android\Android Studio\jre\jre;C:\Users\hp\AppData\Local\Microsoft\WindowsApps;C:\Program Files\Python39;C:\Users\hp\AppData\Local\GitHubDesktop\bin;C:\Program Files\MongoDB\Server\4.4\bin;C:\Program Files\Java\jdk-15.0.2\bin;C:\src\flutter\bin;C:\Program Files\Android\Android Studio\jre\jre;C:\adb;C:\Users\hp\.android\avd;C:\src\dart-sdk;C:\Program Files (x86)\Microsoft Office\root\Office16;, PT7HOME=C:\Program Files\Cisco Packet Tracer 7.3.1, FPS_BROWSER_USER_PROFILE_STRING=Default, PATHEXT=.COM;.EXE;.BAT;.CMD;.VBS;.VBE;.JS;.JSE;.WSF;.WSH;.MSC, DriverData=C:\Windows\System32\Drivers\DriverData, OS=Windows_NT, OneDriveConsumer=C:\Users\hp\OneDrive, COMPUTERNAME=DESKTOP-KDE1DVA, PROCESSOR_REVISION=4501, CommonProgramW6432=C:\Program Files\Common Files, ComSpec=C:\Windows\system32\cmd.exe, ProgramData=C:\ProgramData, ProgramW6432=C:\Program Files, HOMEPATH=\Users\hp, SystemRoot=C:\Windows, TEMP=C:\Users\hp\AppData\Local\Temp, PROCESSOR_IDENTIFIER=Intel64 Family 6 Model 69 Stepping 1, GenuineIntel, USERPROFILE=C:\Users\hp, HOMEDRIVE=C:, TMP=C:\Users\hp\AppData\Local\Temp, ProgramFiles=C:\Program Files, PUBLIC=C:\Users\Public, CommonProgramFiles(x86)=C:\Program Files (x86)\Common Files, NUMBER_OF_PROCESSORS=4, windir=C:\Windows, =::=::\, IDEA_INITIAL_DIRECTORY=C:\Program Files\Android\Android Studio\bin}
2021-07-25T19:34:50.653+0530 [DEBUG] [org.gradle.launcher.daemon.server.exec.LogToClient] About to start relaying all logs to the client via the connection.
2021-07-25T19:34:50.653+0530 [INFO] [org.gradle.launcher.daemon.server.exec.LogToClient] The client will now receive all logging from the daemon (pid: 11304). The daemon log file: C:\Users\hp\AndroidStudioProjects\m8-calculator\daemon\6.3\daemon-11304.out.log
2021-07-25T19:34:50.663+0530 [DEBUG] [org.gradle.launcher.daemon.server.SynchronizedDispatchConnection] thread 18: received class org.gradle.launcher.daemon.protocol.CloseInput
2021-07-25T19:34:50.664+0530 [DEBUG] [org.gradle.launcher.daemon.server.DefaultDaemonConnection] thread 18: Received IO message from client: org.gradle.launcher.daemon.protocol.CloseInput@73ba4385
2021-07-25T19:34:50.719+0530 [INFO] [org.gradle.launcher.daemon.server.exec.LogAndCheckHealth] Starting build in new daemon [memory: 536.9 MB]
2021-07-25T19:34:50.722+0530 [INFO] [org.gradle.launcher.daemon.server.exec.ForwardClientInput] Closing daemon's stdin at end of input.
2021-07-25T19:34:50.723+0530 [INFO] [org.gradle.launcher.daemon.server.exec.ForwardClientInput] The daemon will no longer process any standard input.
2021-07-25T19:34:50.955+0530 [DEBUG] [org.gradle.launcher.daemon.server.exec.ExecuteBuild] The daemon has started executing the build.
2021-07-25T19:34:50.955+0530 [DEBUG] [org.gradle.launcher.daemon.server.exec.ExecuteBuild] Executing build with daemon context: DefaultDaemonContext[uid=5ea795b0-3482-444a-bc84-a0c00de91db0,javaHome=C:\Program Files\Android\Android Studio\jre,daemonRegistryDir=C:\Users\hp\AndroidStudioProjects\m8-calculator\daemon,pid=11304,idleTimeout=10800000,priority=NORMAL,daemonOpts=-XX:MaxMetaspaceSize=256m,-XX:+HeapDumpOnOutOfMemoryError,-javaagent:C:\Program Files\Android\Android Studio\plugins\android\resources\trace_agent.jar=C:\Users\hp\AppData\Local\Temp\sync.trace.profile,--add-opens,java.base/java.util=ALL-UNNAMED,--add-opens,java.base/java.lang=ALL-UNNAMED,--add-opens,java.base/java.lang.invoke=ALL-UNNAMED,--add-opens,java.prefs/java.util.prefs=ALL-UNNAMED,-Xms256m,-Xmx512m,-Dfile.encoding=windows-1252,-Duser.country=IN,-Duser.language=en,-Duser.variant]

Deprecated Gradle features were used in this build, making it incompatible with Gradle 7.0.
Use '--warning-mode all' to show the individual deprecation warnings.
See https://docs.gradle.org/6.3/userguide/command_line_interface.html#sec:command_line_warnings

BUILD SUCCESSFUL in 7m 35s
22 actionable tasks: 22 executed
2021-07-25T19:42:11.072+0530 [DEBUG] [org.gradle.launcher.daemon.server.exec.ExecuteBuild] The daemon has finished executing the build.
2021-07-25T19:42:11.090+0530 [DEBUG] [org.gradle.launcher.daemon.server.DaemonStateCoordinator] daemon is running. Sleeping until state changes.
2021-07-25T19:42:11.090+0530 [DEBUG] [org.gradle.launcher.daemon.server.DaemonStateCoordinator] Command execution: finished waiting for DaemonCommandExecution[command = Build{id=252cbd3f-989c-4c1e-9371-7e474aba576a, currentDir=C:\Users\hp\AndroidStudioProjects\m8-calculator}, connection = DefaultDaemonConnection: socket connection from /127.0.0.1:57948 to /127.0.0.1:57949]. Result org.gradle.launcher.daemon.server.DaemonStateCoordinator@2fb2b69a with state Busy
2021-07-25T19:42:11.090+0530 [DEBUG] [org.gradle.launcher.daemon.server.DaemonStateCoordinator] Command execution: completed DaemonCommandExecution[command = Build{id=252cbd3f-989c-4c1e-9371-7e474aba576a, currentDir=C:\Users\hp\AndroidStudioProjects\m8-calculator}, connection = DefaultDaemonConnection: socket connection from /127.0.0.1:57948 to /127.0.0.1:57949]
2021-07-25T19:42:11.090+0530 [DEBUG] [org.gradle.launcher.daemon.server.DaemonStateCoordinator] resetting idle timer
2021-07-25T19:42:11.091+0530 [INFO] [org.gradle.launcher.daemon.server.DaemonRegistryUpdater] Marking the daemon as idle, address: [16d16796-45c0-4103-8ee8-d6ed71696d50 port:57948, addresses:[localhost/127.0.0.1]]
2021-07-25T19:42:11.091+0530 [DEBUG] [org.gradle.launcher.daemon.registry.PersistentDaemonRegistry] Marking busy by address: [16d16796-45c0-4103-8ee8-d6ed71696d50 port:57948, addresses:[localhost/127.0.0.1]]
2021-07-25T19:42:11.092+0530 [DEBUG] [org.gradle.cache.internal.DefaultFileLockManager] Waiting to acquire exclusive lock on daemon addresses registry.
2021-07-25T19:42:11.093+0530 [DEBUG] [org.gradle.cache.internal.DefaultFileLockManager] Lock acquired on daemon addresses registry.
2021-07-25T19:42:11.095+0530 [DEBUG] [org.gradle.cache.internal.DefaultFileLockManager] Releasing lock on daemon addresses registry.
2021-07-25T19:42:11.095+0530 [DEBUG] [org.gradle.launcher.daemon.server.DaemonStateCoordinator] daemon is running. Sleeping until state changes.
2021-07-25T19:42:11.096+0530 [DEBUG] [org.gradle.launcher.daemon.server.exec.ReturnResult] Daemon is dispatching the build result: Success[value=org.gradle.launcher.exec.BuildActionResult@685cccfb]
2021-07-25T19:42:11.096+0530 [DEBUG] [org.gradle.launcher.daemon.server.SynchronizedDispatchConnection] thread 17: dispatching Success[value=org.gradle.launcher.exec.BuildActionResult@685cccfb]
2021-07-25T19:42:11.124+0530 [DEBUG] [org.gradle.launcher.daemon.server.DefaultIncomingConnectionHandler] Finishing executing command: Build{id=252cbd3f-989c-4c1e-9371-7e474aba576a, currentDir=C:\Users\hp\AndroidStudioProjects\m8-calculator}
2021-07-25T19:42:11.142+0530 [DEBUG] [org.gradle.launcher.daemon.server.SynchronizedDispatchConnection] thread 18: received class org.gradle.launcher.daemon.protocol.Finished
2021-07-25T19:42:11.143+0530 [DEBUG] [org.gradle.launcher.daemon.server.DefaultDaemonConnection] thread 18: Received non-IO message from client: org.gradle.launcher.daemon.protocol.Finished@26c5f342
2021-07-25T19:42:11.145+0530 [DEBUG] [org.gradle.internal.remote.internal.inet.SocketConnection] Discarding EOFException: java.io.EOFException
2021-07-25T19:42:11.145+0530 [DEBUG] [org.gradle.launcher.daemon.server.SynchronizedDispatchConnection] thread 18: received null
2021-07-25T19:42:11.145+0530 [DEBUG] [org.gradle.launcher.daemon.server.DefaultDaemonConnection] thread 18: Received end-of-input from client.
2021-07-25T19:42:11.146+0530 [DEBUG] [org.gradle.launcher.daemon.server.DefaultIncomingConnectionHandler] Received finished message: null
2021-07-25T19:42:11.152+0530 [DEBUG] [org.gradle.launcher.daemon.server.SynchronizedDispatchConnection] thread 17: stopping connection
2021-07-25T19:42:11.157+0530 [DEBUG] [org.gradle.launcher.daemon.server.SynchronizedDispatchConnection] thread 17: stopping connection
2021-07-25T19:42:12.872+0530 [DEBUG] [org.gradle.process.internal.health.memory.DefaultMemoryManager] 848204185 memory requested, 702767104 free
2021-07-25T19:42:12.872+0530 [DEBUG] [org.gradle.workers.internal.WorkerDaemonExpiration] Will attempt to release 808 of memory
2021-07-25T19:42:12.872+0530 [DEBUG] [org.gradle.process.internal.health.memory.DefaultMemoryManager] 848204185 memory requested, 0 released, 702767104 free
2021-07-25T19:42:17.879+0530 [DEBUG] [org.gradle.process.internal.health.memory.DefaultMemoryManager] 848204185 memory requested, 714108928 free
2021-07-25T19:42:17.879+0530 [DEBUG] [org.gradle.workers.internal.WorkerDaemonExpiration] Will attempt to release 808 of memory
2021-07-25T19:42:17.879+0530 [DEBUG] [org.gradle.process.internal.health.memory.DefaultMemoryManager] 848204185 memory requested, 0 released, 714108928 free
2021-07-25T19:42:18.751+0530 [DEBUG] [org.gradle.cache.internal.DefaultFileLockManager] Waiting to acquire shared lock on daemon addresses registry.
2021-07-25T19:42:18.751+0530 [DEBUG] [org.gradle.cache.internal.DefaultFileLockManager] Lock acquired on daemon addresses registry.
2021-07-25T19:42:18.752+0530 [DEBUG] [org.gradle.cache.internal.DefaultFileLockManager] Releasing lock on daemon addresses registry.
2021-07-25T19:42:18.754+0530 [DEBUG] [org.gradle.cache.internal.DefaultFileLockManager] Waiting to acquire shared lock on daemon addresses registry.
2021-07-25T19:42:18.755+0530 [DEBUG] [org.gradle.cache.internal.DefaultFileLockManager] Lock acquired on daemon addresses registry.
2021-07-25T19:42:18.755+0530 [DEBUG] [org.gradle.cache.internal.DefaultFileLockManager] Releasing lock on daemon addresses registry.
2021-07-25T19:42:22.893+0530 [DEBUG] [org.gradle.process.internal.health.memory.DefaultMemoryManager] 848204185 memory requested, 696377344 free
2021-07-25T19:42:22.900+0530 [DEBUG] [org.gradle.workers.internal.WorkerDaemonExpiration] Will attempt to release 808 of memory
2021-07-25T19:42:22.901+0530 [DEBUG] [org.gradle.process.internal.health.memory.DefaultMemoryManager] 848204185 memory requested, 0 released, 696377344 free
2021-07-25T19:42:27.883+0530 [DEBUG] [org.gradle.process.internal.health.memory.DefaultMemoryManager] 848204185 memory requested, 541032448 free
2021-07-25T19:42:27.883+0530 [DEBUG] [org.gradle.workers.internal.WorkerDaemonExpiration] Will attempt to release 808 of memory
2021-07-25T19:42:27.884+0530 [DEBUG] [org.gradle.process.internal.health.memory.DefaultMemoryManager] 848204185 memory requested, 0 released, 541032448 free
2021-07-25T19:42:28.746+0530 [DEBUG] [org.gradle.cache.internal.DefaultFileLockManager] Waiting to acquire shared lock on daemon addresses registry.
2021-07-25T19:42:28.747+0530 [DEBUG] [org.gradle.cache.internal.DefaultFileLockManager] Lock acquired on daemon addresses registry.
2021-07-25T19:42:28.747+0530 [DEBUG] [org.gradle.cache.internal.DefaultFileLockManager] Releasing lock on daemon addresses registry.
2021-07-25T19:42:28.748+0530 [DEBUG] [org.gradle.cache.internal.DefaultFileLockManager] Waiting to acquire shared lock on daemon addresses registry.
2021-07-25T19:42:28.748+0530 [DEBUG] [org.gradle.cache.internal.DefaultFileLockManager] Lock acquired on daemon addresses registry.
2021-07-25T19:42:28.749+0530 [DEBUG] [org.gradle.cache.internal.DefaultFileLockManager] Releasing lock on daemon addresses registry.
2021-07-25T19:42:28.750+0530 [DEBUG] [org.gradle.cache.internal.DefaultFileLockManager] Waiting to acquire shared lock on daemon addresses registry.
2021-07-25T19:42:28.750+0530 [DEBUG] [org.gradle.cache.internal.DefaultFileLockManager] Lock acquired on daemon addresses registry.
2021-07-25T19:42:28.750+0530 [DEBUG] [org.gradle.cache.internal.DefaultFileLockManager] Releasing lock on daemon addresses registry.
2021-07-25T19:42:32.877+0530 [DEBUG] [org.gradle.process.internal.health.memory.DefaultMemoryManager] 848204185 memory requested, 546676736 free
2021-07-25T19:42:32.877+0530 [DEBUG] [org.gradle.workers.internal.WorkerDaemonExpiration] Will attempt to release 808 of memory
2021-07-25T19:42:32.877+0530 [DEBUG] [org.gradle.process.internal.health.memory.DefaultMemoryManager] 848204185 memory requested, 0 released, 546676736 free
2021-07-25T19:42:37.871+0530 [DEBUG] [org.gradle.process.internal.health.memory.DefaultMemoryManager] 848204185 memory requested, 518053888 free
2021-07-25T19:42:37.871+0530 [DEBUG] [org.gradle.workers.internal.WorkerDaemonExpiration] Will attempt to release 808 of memory
2021-07-25T19:42:37.871+0530 [DEBUG] [org.gradle.process.internal.health.memory.DefaultMemoryManager] 848204185 memory requested, 0 released, 518053888 free
2021-07-25T19:42:38.740+0530 [DEBUG] [org.gradle.cache.internal.DefaultFileLockManager] Waiting to acquire shared lock on daemon addresses registry.
2021-07-25T19:42:38.741+0530 [DEBUG] [org.gradle.cache.internal.DefaultFileLockManager] Lock acquired on daemon addresses registry.
2021-07-25T19:42:38.741+0530 [DEBUG] [org.gradle.cache.internal.DefaultFileLockManager] Releasing lock on daemon addresses registry.
2021-07-25T19:42:38.742+0530 [DEBUG] [org.gradle.cache.internal.DefaultFileLockManager] Waiting to acquire shared lock on daemon addresses registry.
2021-07-25T19:42:38.742+0530 [DEBUG] [org.gradle.cache.internal.DefaultFileLockManager] Lock acquired on daemon addresses registry.
2021-07-25T19:42:38.743+0530 [DEBUG] [org.gradle.cache.internal.DefaultFileLockManager] Releasing lock on daemon addresses registry.
2021-07-25T19:42:38.744+0530 [DEBUG] [org.gradle.cache.internal.DefaultFileLockManager] Waiting to acquire shared lock on daemon addresses registry.
2021-07-25T19:42:38.744+0530 [DEBUG] [org.gradle.cache.internal.DefaultFileLockManager] Lock acquired on daemon addresses registry.
2021-07-25T19:42:38.745+0530 [DEBUG] [org.gradle.cache.internal.DefaultFileLockManager] Releasing lock on daemon addresses registry.
2021-07-25T19:42:42.883+0530 [DEBUG] [org.gradle.process.internal.health.memory.DefaultMemoryManager] 848204185 memory requested, 707903488 free
2021-07-25T19:42:42.883+0530 [DEBUG] [org.gradle.workers.internal.WorkerDaemonExpiration] Will attempt to release 808 of memory
2021-07-25T19:42:42.884+0530 [DEBUG] [org.gradle.process.internal.health.memory.DefaultMemoryManager] 848204185 memory requested, 0 released, 707903488 free
2021-07-25T19:42:47.878+0530 [DEBUG] [org.gradle.process.internal.health.memory.DefaultMemoryManager] 848204185 memory requested, 709840896 free
2021-07-25T19:42:47.878+0530 [DEBUG] [org.gradle.workers.internal.WorkerDaemonExpiration] Will attempt to release 808 of memory
2021-07-25T19:42:47.878+0530 [DEBUG] [org.gradle.process.internal.health.memory.DefaultMemoryManager] 848204185 memory requested, 0 released, 709840896 free
2021-07-25T19:42:48.742+0530 [DEBUG] [org.gradle.cache.internal.DefaultFileLockManager] Waiting to acquire shared lock on daemon addresses registry.
2021-07-25T19:42:48.742+0530 [DEBUG] [org.gradle.cache.internal.DefaultFileLockManager] Lock acquired on daemon addresses registry.
2021-07-25T19:42:48.743+0530 [DEBUG] [org.gradle.cache.internal.DefaultFileLockManager] Releasing lock on daemon addresses registry.
2021-07-25T19:42:48.743+0530 [DEBUG] [org.gradle.cache.internal.DefaultFileLockManager] Waiting to acquire shared lock on daemon addresses registry.
2021-07-25T19:42:48.744+0530 [DEBUG] [org.gradle.cache.internal.DefaultFileLockManager] Lock acquired on daemon addresses registry.
2021-07-25T19:42:48.744+0530 [DEBUG] [org.gradle.cache.internal.DefaultFileLockManager] Releasing lock on daemon addresses registry.
2021-07-25T19:42:48.745+0530 [DEBUG] [org.gradle.cache.internal.DefaultFileLockManager] Waiting to acquire shared lock on daemon addresses registry.
2021-07-25T19:42:48.745+0530 [DEBUG] [org.gradle.cache.internal.DefaultFileLockManager] Lock acquired on daemon addresses registry.
2021-07-25T19:42:48.745+0530 [DEBUG] [org.gradle.cache.internal.DefaultFileLockManager] Releasing lock on daemon addresses registry.
2021-07-25T19:42:52.873+0530 [DEBUG] [org.gradle.process.internal.health.memory.DefaultMemoryManager] 848204185 memory requested, 658518016 free
2021-07-25T19:42:52.873+0530 [DEBUG] [org.gradle.workers.internal.WorkerDaemonExpiration] Will attempt to release 808 of memory
2021-07-25T19:42:52.873+0530 [DEBUG] [org.gradle.process.internal.health.memory.DefaultMemoryManager] 848204185 memory requested, 0 released, 658518016 free
2021-07-25T19:42:57.875+0530 [DEBUG] [org.gradle.process.internal.health.memory.DefaultMemoryManager] 848204185 memory requested, 595025920 free
2021-07-25T19:42:57.875+0530 [DEBUG] [org.gradle.workers.internal.WorkerDaemonExpiration] Will attempt to release 808 of memory
2021-07-25T19:42:57.876+0530 [DEBUG] [org.gradle.process.internal.health.memory.DefaultMemoryManager] 848204185 memory requested, 0 released, 595025920 free
2021-07-25T19:42:58.749+0530 [DEBUG] [org.gradle.cache.internal.DefaultFileLockManager] Waiting to acquire shared lock on daemon addresses registry.
2021-07-25T19:42:58.750+0530 [DEBUG] [org.gradle.cache.internal.DefaultFileLockManager] Lock acquired on daemon addresses registry.
2021-07-25T19:42:58.750+0530 [DEBUG] [org.gradle.cache.internal.DefaultFileLockManager] Releasing lock on daemon addresses registry.
2021-07-25T19:42:58.751+0530 [DEBUG] [org.gradle.cache.internal.DefaultFileLockManager] Waiting to acquire shared lock on daemon addresses registry.
2021-07-25T19:42:58.751+0530 [DEBUG] [org.gradle.cache.internal.DefaultFileLockManager] Lock acquired on daemon addresses registry.
2021-07-25T19:42:58.752+0530 [DEBUG] [org.gradle.cache.internal.DefaultFileLockManager] Releasing lock on daemon addresses registry.
2021-07-25T19:42:58.753+0530 [DEBUG] [org.gradle.cache.internal.DefaultFileLockManager] Waiting to acquire shared lock on daemon addresses registry.
2021-07-25T19:42:58.753+0530 [DEBUG] [org.gradle.cache.internal.DefaultFileLockManager] Lock acquired on daemon addresses registry.
2021-07-25T19:42:58.753+0530 [DEBUG] [org.gradle.cache.internal.DefaultFileLockManager] Releasing lock on daemon addresses registry.
2021-07-25T19:43:02.874+0530 [DEBUG] [org.gradle.process.internal.health.memory.DefaultMemoryManager] 848204185 memory requested, 614014976 free
2021-07-25T19:43:02.875+0530 [DEBUG] [org.gradle.workers.internal.WorkerDaemonExpiration] Will attempt to release 808 of memory
2021-07-25T19:43:02.875+0530 [DEBUG] [org.gradle.process.internal.health.memory.DefaultMemoryManager] 848204185 memory requested, 0 released, 614014976 free
2021-07-25T19:43:07.870+0530 [DEBUG] [org.gradle.process.internal.health.memory.DefaultMemoryManager] 848204185 memory requested, 591806464 free
2021-07-25T19:43:07.870+0530 [DEBUG] [org.gradle.workers.internal.WorkerDaemonExpiration] Will attempt to release 808 of memory
2021-07-25T19:43:07.870+0530 [DEBUG] [org.gradle.process.internal.health.memory.DefaultMemoryManager] 848204185 memory requested, 0 released, 591806464 free
2021-07-25T19:43:08.762+0530 [DEBUG] [org.gradle.cache.internal.DefaultFileLockManager] Waiting to acquire shared lock on daemon addresses registry.
2021-07-25T19:43:08.763+0530 [DEBUG] [org.gradle.cache.internal.DefaultFileLockManager] Lock acquired on daemon addresses registry.
2021-07-25T19:43:08.763+0530 [DEBUG] [org.gradle.cache.internal.DefaultFileLockManager] Releasing lock on daemon addresses registry.
2021-07-25T19:43:08.764+0530 [DEBUG] [org.gradle.cache.internal.DefaultFileLockManager] Waiting to acquire shared lock on daemon addresses registry.
2021-07-25T19:43:08.764+0530 [DEBUG] [org.gradle.cache.internal.DefaultFileLockManager] Lock acquired on daemon addresses registry.
2021-07-25T19:43:08.764+0530 [DEBUG] [org.gradle.cache.internal.DefaultFileLockManager] Releasing lock on daemon addresses registry.
2021-07-25T19:43:08.768+0530 [DEBUG] [org.gradle.cache.internal.DefaultFileLockManager] Waiting to acquire shared lock on daemon addresses registry.
2021-07-25T19:43:08.797+0530 [DEBUG] [org.gradle.cache.internal.DefaultFileLockManager] Lock acquired on daemon addresses registry.
2021-07-25T19:43:08.798+0530 [DEBUG] [org.gradle.cache.internal.DefaultFileLockManager] Releasing lock on daemon addresses registry.
2021-07-25T19:43:12.877+0530 [DEBUG] [org.gradle.process.internal.health.memory.DefaultMemoryManager] 848204185 memory requested, 679112704 free
2021-07-25T19:43:12.878+0530 [DEBUG] [org.gradle.workers.internal.WorkerDaemonExpiration] Will attempt to release 808 of memory
2021-07-25T19:43:12.878+0530 [DEBUG] [org.gradle.process.internal.health.memory.DefaultMemoryManager] 848204185 memory requested, 0 released, 679112704 free
2021-07-25T19:43:17.886+0530 [DEBUG] [org.gradle.process.internal.health.memory.DefaultMemoryManager] 848204185 memory requested, 587100160 free
2021-07-25T19:43:17.887+0530 [DEBUG] [org.gradle.workers.internal.WorkerDaemonExpiration] Will attempt to release 808 of memory
2021-07-25T19:43:17.887+0530 [DEBUG] [org.gradle.process.internal.health.memory.DefaultMemoryManager] 848204185 memory requested, 0 released, 587100160 free
2021-07-25T19:43:18.756+0530 [DEBUG] [org.gradle.cache.internal.DefaultFileLockManager] Waiting to acquire shared lock on daemon addresses registry.
2021-07-25T19:43:18.756+0530 [DEBUG] [org.gradle.cache.internal.DefaultFileLockManager] Lock acquired on daemon addresses registry.
2021-07-25T19:43:18.756+0530 [DEBUG] [org.gradle.cache.internal.DefaultFileLockManager] Releasing lock on daemon addresses registry.
2021-07-25T19:43:18.757+0530 [DEBUG] [org.gradle.cache.internal.DefaultFileLockManager] Waiting to acquire shared lock on daemon addresses registry.
2021-07-25T19:43:18.757+0530 [DEBUG] [org.gradle.cache.internal.DefaultFileLockManager] Lock acquired on daemon addresses registry.
2021-07-25T19:43:18.758+0530 [DEBUG] [org.gradle.cache.internal.DefaultFileLockManager] Releasing lock on daemon addresses registry.
2021-07-25T19:43:18.759+0530 [DEBUG] [org.gradle.cache.internal.DefaultFileLockManager] Waiting to acquire shared lock on daemon addresses registry.
2021-07-25T19:43:18.759+0530 [DEBUG] [org.gradle.cache.internal.DefaultFileLockManager] Lock acquired on daemon addresses registry.
2021-07-25T19:43:18.760+0530 [DEBUG] [org.gradle.cache.internal.DefaultFileLockManager] Releasing lock on daemon addresses registry.
2021-07-25T19:43:22.885+0530 [DEBUG] [org.gradle.process.internal.health.memory.DefaultMemoryManager] 848204185 memory requested, 587022336 free
2021-07-25T19:43:22.885+0530 [DEBUG] [org.gradle.workers.internal.WorkerDaemonExpiration] Will attempt to release 808 of memory
2021-07-25T19:43:22.886+0530 [DEBUG] [org.gradle.process.internal.health.memory.DefaultMemoryManager] 848204185 memory requested, 0 released, 587022336 free
2021-07-25T19:43:27.871+0530 [DEBUG] [org.gradle.process.internal.health.memory.DefaultMemoryManager] 848204185 memory requested, 589856768 free
2021-07-25T19:43:27.872+0530 [DEBUG] [org.gradle.workers.internal.WorkerDaemonExpiration] Will attempt to release 808 of memory
2021-07-25T19:43:27.872+0530 [DEBUG] [org.gradle.process.internal.health.memory.DefaultMemoryManager] 848204185 memory requested, 0 released, 589856768 free
2021-07-25T19:43:28.752+0530 [DEBUG] [org.gradle.cache.internal.DefaultFileLockManager] Waiting to acquire shared lock on daemon addresses registry.
2021-07-25T19:43:28.754+0530 [DEBUG] [org.gradle.cache.internal.DefaultFileLockManager] Lock acquired on daemon addresses registry.
2021-07-25T19:43:28.755+0530 [DEBUG] [org.gradle.cache.internal.DefaultFileLockManager] Releasing lock on daemon addresses registry.
2021-07-25T19:43:28.756+0530 [DEBUG] [org.gradle.cache.internal.DefaultFileLockManager] Waiting to acquire shared lock on daemon addresses registry.
2021-07-25T19:43:28.757+0530 [DEBUG] [org.gradle.cache.internal.DefaultFileLockManager] Lock acquired on daemon addresses registry.
2021-07-25T19:43:28.757+0530 [DEBUG] [org.gradle.cache.internal.DefaultFileLockManager] Releasing lock on daemon addresses registry.
2021-07-25T19:43:28.758+0530 [DEBUG] [org.gradle.cache.internal.DefaultFileLockManager] Waiting to acquire shared lock on daemon addresses registry.
2021-07-25T19:43:28.758+0530 [DEBUG] [org.gradle.cache.internal.DefaultFileLockManager] Lock acquired on daemon addresses registry.
2021-07-25T19:43:28.758+0530 [DEBUG] [org.gradle.cache.internal.DefaultFileLockManager] Releasing lock on daemon addresses registry.
2021-07-25T19:43:32.898+0530 [DEBUG] [org.gradle.process.internal.health.memory.DefaultMemoryManager] 848204185 memory requested, 622764032 free
2021-07-25T19:43:32.898+0530 [DEBUG] [org.gradle.workers.internal.WorkerDaemonExpiration] Will attempt to release 808 of memory
2021-07-25T19:43:32.898+0530 [DEBUG] [org.gradle.process.internal.health.memory.DefaultMemoryManager] 848204185 memory requested, 0 released, 622764032 free
2021-07-25T19:43:37.883+0530 [DEBUG] [org.gradle.process.internal.health.memory.DefaultMemoryManager] 848204185 memory requested, 553684992 free
2021-07-25T19:43:37.883+0530 [DEBUG] [org.gradle.workers.internal.WorkerDaemonExpiration] Will attempt to release 808 of memory
2021-07-25T19:43:37.883+0530 [DEBUG] [org.gradle.process.internal.health.memory.DefaultMemoryManager] 848204185 memory requested, 0 released, 553684992 free
2021-07-25T19:43:38.751+0530 [DEBUG] [org.gradle.cache.internal.DefaultFileLockManager] Waiting to acquire shared lock on daemon addresses registry.
2021-07-25T19:43:38.751+0530 [DEBUG] [org.gradle.cache.internal.DefaultFileLockManager] Lock acquired on daemon addresses registry.
2021-07-25T19:43:38.752+0530 [DEBUG] [org.gradle.cache.internal.DefaultFileLockManager] Releasing lock on daemon addresses registry.
2021-07-25T19:43:38.752+0530 [DEBUG] [org.gradle.cache.internal.DefaultFileLockManager] Waiting to acquire shared lock on daemon addresses registry.
2021-07-25T19:43:38.753+0530 [DEBUG] [org.gradle.cache.internal.DefaultFileLockManager] Lock acquired on daemon addresses registry.
2021-07-25T19:43:38.753+0530 [DEBUG] [org.gradle.cache.internal.DefaultFileLockManager] Releasing lock on daemon addresses registry.
2021-07-25T19:43:38.753+0530 [DEBUG] [org.gradle.cache.internal.DefaultFileLockManager] Waiting to acquire shared lock on daemon addresses registry.
2021-07-25T19:43:38.754+0530 [DEBUG] [org.gradle.cache.internal.DefaultFileLockManager] Lock acquired on daemon addresses registry.
2021-07-25T19:43:38.754+0530 [DEBUG] [org.gradle.cache.internal.DefaultFileLockManager] Releasing lock on daemon addresses registry.
2021-07-25T19:43:42.878+0530 [DEBUG] [org.gradle.process.internal.health.memory.DefaultMemoryManager] 848204185 memory requested, 568950784 free
2021-07-25T19:43:42.878+0530 [DEBUG] [org.gradle.workers.internal.WorkerDaemonExpiration] Will attempt to release 808 of memory
2021-07-25T19:43:42.878+0530 [DEBUG] [org.gradle.process.internal.health.memory.DefaultMemoryManager] 848204185 memory requested, 0 released, 568950784 free
2021-07-25T19:43:47.872+0530 [DEBUG] [org.gradle.process.internal.health.memory.DefaultMemoryManager] 848204185 memory requested, 578093056 free
2021-07-25T19:43:47.872+0530 [DEBUG] [org.gradle.workers.internal.WorkerDaemonExpiration] Will attempt to release 808 of memory
2021-07-25T19:43:47.872+0530 [DEBUG] [org.gradle.process.internal.health.memory.DefaultMemoryManager] 848204185 memory requested, 0 released, 578093056 free
2021-07-25T19:43:48.752+0530 [DEBUG] [org.gradle.cache.internal.DefaultFileLockManager] Waiting to acquire shared lock on daemon addresses registry.
2021-07-25T19:43:48.753+0530 [DEBUG] [org.gradle.cache.internal.DefaultFileLockManager] Lock acquired on daemon addresses registry.
2021-07-25T19:43:48.753+0530 [DEBUG] [org.gradle.cache.internal.DefaultFileLockManager] Releasing lock on daemon addresses registry.
2021-07-25T19:43:48.760+0530 [DEBUG] [org.gradle.cache.internal.DefaultFileLockManager] Waiting to acquire shared lock on daemon addresses registry.
2021-07-25T19:43:48.760+0530 [DEBUG] [org.gradle.cache.internal.DefaultFileLockManager] Lock acquired on daemon addresses registry.
2021-07-25T19:43:48.762+0530 [DEBUG] [org.gradle.cache.internal.DefaultFileLockManager] Releasing lock on daemon addresses registry.
2021-07-25T19:43:48.765+0530 [DEBUG] [org.gradle.cache.internal.DefaultFileLockManager] Waiting to acquire shared lock on daemon addresses registry.
2021-07-25T19:43:48.765+0530 [DEBUG] [org.gradle.cache.internal.DefaultFileLockManager] Lock acquired on daemon addresses registry.
2021-07-25T19:43:48.766+0530 [DEBUG] [org.gradle.cache.internal.DefaultFileLockManager] Releasing lock on daemon addresses registry.
2021-07-25T19:43:52.882+0530 [DEBUG] [org.gradle.process.internal.health.memory.DefaultMemoryManager] 848204185 memory requested, 552517632 free
2021-07-25T19:43:52.882+0530 [DEBUG] [org.gradle.workers.internal.WorkerDaemonExpiration] Will attempt to release 808 of memory
2021-07-25T19:43:52.882+0530 [DEBUG] [org.gradle.process.internal.health.memory.DefaultMemoryManager] 848204185 memory requested, 0 released, 552517632 free
2021-07-25T19:43:57.883+0530 [DEBUG] [org.gradle.process.internal.health.memory.DefaultMemoryManager] 848204185 memory requested, 555118592 free
2021-07-25T19:43:57.883+0530 [DEBUG] [org.gradle.workers.internal.WorkerDaemonExpiration] Will attempt to release 808 of memory
2021-07-25T19:43:57.883+0530 [DEBUG] [org.gradle.process.internal.health.memory.DefaultMemoryManager] 848204185 memory requested, 0 released, 555118592 free
2021-07-25T19:43:58.751+0530 [DEBUG] [org.gradle.cache.internal.DefaultFileLockManager] Waiting to acquire shared lock on daemon addresses registry.
2021-07-25T19:43:58.752+0530 [DEBUG] [org.gradle.cache.internal.DefaultFileLockManager] Lock acquired on daemon addresses registry.
2021-07-25T19:43:58.752+0530 [DEBUG] [org.gradle.cache.internal.DefaultFileLockManager] Releasing lock on daemon addresses registry.
2021-07-25T19:43:58.753+0530 [DEBUG] [org.gradle.cache.internal.DefaultFileLockManager] Waiting to acquire shared lock on daemon addresses registry.
2021-07-25T19:43:58.753+0530 [DEBUG] [org.gradle.cache.internal.DefaultFileLockManager] Lock acquired on daemon addresses registry.
2021-07-25T19:43:58.753+0530 [DEBUG] [org.gradle.cache.internal.DefaultFileLockManager] Releasing lock on daemon addresses registry.
2021-07-25T19:43:58.754+0530 [DEBUG] [org.gradle.cache.internal.DefaultFileLockManager] Waiting to acquire shared lock on daemon addresses registry.
2021-07-25T19:43:58.754+0530 [DEBUG] [org.gradle.cache.internal.DefaultFileLockManager] Lock acquired on daemon addresses registry.
2021-07-25T19:43:58.754+0530 [DEBUG] [org.gradle.cache.internal.DefaultFileLockManager] Releasing lock on daemon addresses registry.
2021-07-25T19:44:02.874+0530 [DEBUG] [org.gradle.process.internal.health.memory.DefaultMemoryManager] 848204185 memory requested, 564711424 free
2021-07-25T19:44:02.874+0530 [DEBUG] [org.gradle.workers.internal.WorkerDaemonExpiration] Will attempt to release 808 of memory
2021-07-25T19:44:02.874+0530 [DEBUG] [org.gradle.process.internal.health.memory.DefaultMemoryManager] 848204185 memory requested, 0 released, 564711424 free
2021-07-25T19:44:07.880+0530 [DEBUG] [org.gradle.process.internal.health.memory.DefaultMemoryManager] 848204185 memory requested, 578793472 free
2021-07-25T19:44:07.881+0530 [DEBUG] [org.gradle.workers.internal.WorkerDaemonExpiration] Will attempt to release 808 of memory
2021-07-25T19:44:07.881+0530 [DEBUG] [org.gradle.process.internal.health.memory.DefaultMemoryManager] 848204185 memory requested, 0 released, 578793472 free
2021-07-25T19:44:08.738+0530 [DEBUG] [org.gradle.cache.internal.DefaultFileLockManager] Waiting to acquire shared lock on daemon addresses registry.
2021-07-25T19:44:08.738+0530 [DEBUG] [org.gradle.cache.internal.DefaultFileLockManager] Lock acquired on daemon addresses registry.
2021-07-25T19:44:08.739+0530 [DEBUG] [org.gradle.cache.internal.DefaultFileLockManager] Releasing lock on daemon addresses registry.
2021-07-25T19:44:08.739+0530 [DEBUG] [org.gradle.cache.internal.DefaultFileLockManager] Waiting to acquire shared lock on daemon addresses registry.
2021-07-25T19:44:08.740+0530 [DEBUG] [org.gradle.cache.internal.DefaultFileLockManager] Lock acquired on daemon addresses registry.
2021-07-25T19:44:08.740+0530 [DEBUG] [org.gradle.cache.internal.DefaultFileLockManager] Releasing lock on daemon addresses registry.
2021-07-25T19:44:08.741+0530 [DEBUG] [org.gradle.cache.internal.DefaultFileLockManager] Waiting to acquire shared lock on daemon addresses registry.
2021-07-25T19:44:08.741+0530 [DEBUG] [org.gradle.cache.internal.DefaultFileLockManager] Lock acquired on daemon addresses registry.
2021-07-25T19:44:08.741+0530 [DEBUG] [org.gradle.cache.internal.DefaultFileLockManager] Releasing lock on daemon addresses registry.
2021-07-25T19:44:12.883+0530 [DEBUG] [org.gradle.process.internal.health.memory.DefaultMemoryManager] 848204185 memory requested, 574181376 free
2021-07-25T19:44:12.884+0530 [DEBUG] [org.gradle.workers.internal.WorkerDaemonExpiration] Will attempt to release 808 of memory
2021-07-25T19:44:12.884+0530 [DEBUG] [org.gradle.process.internal.health.memory.DefaultMemoryManager] 848204185 memory requested, 0 released, 574181376 free
2021-07-25T19:44:17.880+0530 [DEBUG] [org.gradle.process.internal.health.memory.DefaultMemoryManager] 848204185 memory requested, 581574656 free
2021-07-25T19:44:17.880+0530 [DEBUG] [org.gradle.workers.internal.WorkerDaemonExpiration] Will attempt to release 808 of memory
2021-07-25T19:44:17.880+0530 [DEBUG] [org.gradle.process.internal.health.memory.DefaultMemoryManager] 848204185 memory requested, 0 released, 581574656 free
2021-07-25T19:44:18.766+0530 [DEBUG] [org.gradle.cache.internal.DefaultFileLockManager] Waiting to acquire shared lock on daemon addresses registry.
2021-07-25T19:44:18.766+0530 [DEBUG] [org.gradle.cache.internal.DefaultFileLockManager] Lock acquired on daemon addresses registry.
2021-07-25T19:44:18.767+0530 [DEBUG] [org.gradle.cache.internal.DefaultFileLockManager] Releasing lock on daemon addresses registry.
2021-07-25T19:44:18.767+0530 [DEBUG] [org.gradle.cache.internal.DefaultFileLockManager] Waiting to acquire shared lock on daemon addresses registry.
2021-07-25T19:44:18.768+0530 [DEBUG] [org.gradle.cache.internal.DefaultFileLockManager] Lock acquired on daemon addresses registry.
2021-07-25T19:44:18.772+0530 [DEBUG] [org.gradle.cache.internal.DefaultFileLockManager] Releasing lock on daemon addresses registry.
2021-07-25T19:44:18.775+0530 [DEBUG] [org.gradle.cache.internal.DefaultFileLockManager] Waiting to acquire shared lock on daemon addresses registry.
2021-07-25T19:44:18.777+0530 [DEBUG] [org.gradle.cache.internal.DefaultFileLockManager] Lock acquired on daemon addresses registry.
2021-07-25T19:44:18.778+0530 [DEBUG] [org.gradle.cache.internal.DefaultFileLockManager] Releasing lock on daemon addresses registry.
2021-07-25T19:44:22.882+0530 [DEBUG] [org.gradle.process.internal.health.memory.DefaultMemoryManager] 848204185 memory requested, 594964480 free
2021-07-25T19:44:22.882+0530 [DEBUG] [org.gradle.workers.internal.WorkerDaemonExpiration] Will attempt to release 808 of memory
2021-07-25T19:44:22.883+0530 [DEBUG] [org.gradle.process.internal.health.memory.DefaultMemoryManager] 848204185 memory requested, 0 released, 594964480 free
2021-07-25T19:44:27.888+0530 [DEBUG] [org.gradle.process.internal.health.memory.DefaultMemoryManager] 848204185 memory requested, 560881664 free
2021-07-25T19:44:27.888+0530 [DEBUG] [org.gradle.workers.internal.WorkerDaemonExpiration] Will attempt to release 808 of memory
2021-07-25T19:44:27.896+0530 [DEBUG] [org.gradle.process.internal.health.memory.DefaultMemoryManager] 848204185 memory requested, 0 released, 560881664 free
2021-07-25T19:44:28.739+0530 [DEBUG] [org.gradle.cache.internal.DefaultFileLockManager] Waiting to acquire shared lock on daemon addresses registry.
2021-07-25T19:44:28.740+0530 [DEBUG] [org.gradle.cache.internal.DefaultFileLockManager] Lock acquired on daemon addresses registry.
2021-07-25T19:44:28.741+0530 [DEBUG] [org.gradle.cache.internal.DefaultFileLockManager] Releasing lock on daemon addresses registry.
2021-07-25T19:44:28.741+0530 [DEBUG] [org.gradle.cache.internal.DefaultFileLockManager] Waiting to acquire shared lock on daemon addresses registry.
2021-07-25T19:44:28.743+0530 [DEBUG] [org.gradle.cache.internal.DefaultFileLockManager] Lock acquired on daemon addresses registry.
2021-07-25T19:44:28.743+0530 [DEBUG] [org.gradle.cache.internal.DefaultFileLockManager] Releasing lock on daemon addresses registry.
2021-07-25T19:44:28.744+0530 [DEBUG] [org.gradle.cache.internal.DefaultFileLockManager] Waiting to acquire shared lock on daemon addresses registry.
2021-07-25T19:44:28.744+0530 [DEBUG] [org.gradle.cache.internal.DefaultFileLockManager] Lock acquired on daemon addresses registry.
2021-07-25T19:44:28.744+0530 [DEBUG] [org.gradle.cache.internal.DefaultFileLockManager] Releasing lock on daemon addresses registry.
2021-07-25T19:44:32.884+0530 [DEBUG] [org.gradle.process.internal.health.memory.DefaultMemoryManager] 848204185 memory requested, 557293568 free
2021-07-25T19:44:32.884+0530 [DEBUG] [org.gradle.workers.internal.WorkerDaemonExpiration] Will attempt to release 808 of memory
2021-07-25T19:44:32.884+0530 [DEBUG] [org.gradle.process.internal.health.memory.DefaultMemoryManager] 848204185 memory requested, 0 released, 557293568 free
2021-07-25T19:44:37.884+0530 [DEBUG] [org.gradle.process.internal.health.memory.DefaultMemoryManager] 848204185 memory requested, 554381312 free
2021-07-25T19:44:37.884+0530 [DEBUG] [org.gradle.workers.internal.WorkerDaemonExpiration] Will attempt to release 808 of memory
2021-07-25T19:44:37.884+0530 [DEBUG] [org.gradle.process.internal.health.memory.DefaultMemoryManager] 848204185 memory requested, 0 released, 554381312 free
2021-07-25T19:44:38.755+0530 [DEBUG] [org.gradle.cache.internal.DefaultFileLockManager] Waiting to acquire shared lock on daemon addresses registry.
2021-07-25T19:44:38.755+0530 [DEBUG] [org.gradle.cache.internal.DefaultFileLockManager] Lock acquired on daemon addresses registry.
2021-07-25T19:44:38.756+0530 [DEBUG] [org.gradle.cache.internal.DefaultFileLockManager] Releasing lock on daemon addresses registry.
2021-07-25T19:44:38.757+0530 [DEBUG] [org.gradle.cache.internal.DefaultFileLockManager] Waiting to acquire shared lock on daemon addresses registry.
2021-07-25T19:44:38.757+0530 [DEBUG] [org.gradle.cache.internal.DefaultFileLockManager] Lock acquired on daemon addresses registry.
2021-07-25T19:44:38.758+0530 [DEBUG] [org.gradle.cache.internal.DefaultFileLockManager] Releasing lock on daemon addresses registry.
2021-07-25T19:44:38.759+0530 [DEBUG] [org.gradle.cache.internal.DefaultFileLockManager] Waiting to acquire shared lock on daemon addresses registry.
2021-07-25T19:44:38.759+0530 [DEBUG] [org.gradle.cache.internal.DefaultFileLockManager] Lock acquired on daemon addresses registry.
2021-07-25T19:44:38.759+0530 [DEBUG] [org.gradle.cache.internal.DefaultFileLockManager] Releasing lock on daemon addresses registry.
2021-07-25T19:44:42.887+0530 [DEBUG] [org.gradle.process.internal.health.memory.DefaultMemoryManager] 848204185 memory requested, 562335744 free
2021-07-25T19:44:42.887+0530 [DEBUG] [org.gradle.workers.internal.WorkerDaemonExpiration] Will attempt to release 808 of memory
2021-07-25T19:44:42.888+0530 [DEBUG] [org.gradle.process.internal.health.memory.DefaultMemoryManager] 848204185 memory requested, 0 released, 562335744 free
2021-07-25T19:44:47.885+0530 [DEBUG] [org.gradle.process.internal.health.memory.DefaultMemoryManager] 848204185 memory requested, 522612736 free
2021-07-25T19:44:47.886+0530 [DEBUG] [org.gradle.workers.internal.WorkerDaemonExpiration] Will attempt to release 808 of memory
2021-07-25T19:44:47.886+0530 [DEBUG] [org.gradle.process.internal.health.memory.DefaultMemoryManager] 848204185 memory requested, 0 released, 522612736 free
2021-07-25T19:44:48.741+0530 [DEBUG] [org.gradle.cache.internal.DefaultFileLockManager] Waiting to acquire shared lock on daemon addresses registry.
2021-07-25T19:44:48.741+0530 [DEBUG] [org.gradle.cache.internal.DefaultFileLockManager] Lock acquired on daemon addresses registry.
2021-07-25T19:44:48.742+0530 [DEBUG] [org.gradle.cache.internal.DefaultFileLockManager] Releasing lock on daemon addresses registry.
2021-07-25T19:44:48.743+0530 [DEBUG] [org.gradle.cache.internal.DefaultFileLockManager] Waiting to acquire shared lock on daemon addresses registry.
2021-07-25T19:44:48.743+0530 [DEBUG] [org.gradle.cache.internal.DefaultFileLockManager] Lock acquired on daemon addresses registry.
2021-07-25T19:44:48.743+0530 [DEBUG] [org.gradle.cache.internal.DefaultFileLockManager] Releasing lock on daemon addresses registry.
2021-07-25T19:44:48.744+0530 [DEBUG] [org.gradle.cache.internal.DefaultFileLockManager] Waiting to acquire shared lock on daemon addresses registry.
2021-07-25T19:44:48.745+0530 [DEBUG] [org.gradle.cache.internal.DefaultFileLockManager] Lock acquired on daemon addresses registry.
2021-07-25T19:44:48.745+0530 [DEBUG] [org.gradle.cache.internal.DefaultFileLockManager] Releasing lock on daemon addresses registry.
2021-07-25T19:44:52.896+0530 [DEBUG] [org.gradle.process.internal.health.memory.DefaultMemoryManager] 848204185 memory requested, 554487808 free
2021-07-25T19:44:52.896+0530 [DEBUG] [org.gradle.workers.internal.WorkerDaemonExpiration] Will attempt to release 808 of memory
2021-07-25T19:44:52.896+0530 [DEBUG] [org.gradle.process.internal.health.memory.DefaultMemoryManager] 848204185 memory requested, 0 released, 554487808 free
2021-07-25T19:44:57.876+0530 [DEBUG] [org.gradle.process.internal.health.memory.DefaultMemoryManager] 848204185 memory requested, 541057024 free
2021-07-25T19:44:57.876+0530 [DEBUG] [org.gradle.workers.internal.WorkerDaemonExpiration] Will attempt to release 808 of memory
2021-07-25T19:44:57.877+0530 [DEBUG] [org.gradle.process.internal.health.memory.DefaultMemoryManager] 848204185 memory requested, 0 released, 541057024 free
2021-07-25T19:44:58.740+0530 [DEBUG] [org.gradle.cache.internal.DefaultFileLockManager] Waiting to acquire shared lock on daemon addresses registry.
2021-07-25T19:44:58.740+0530 [DEBUG] [org.gradle.cache.internal.DefaultFileLockManager] Lock acquired on daemon addresses registry.
2021-07-25T19:44:58.740+0530 [DEBUG] [org.gradle.cache.internal.DefaultFileLockManager] Releasing lock on daemon addresses registry.
2021-07-25T19:44:58.741+0530 [DEBUG] [org.gradle.cache.internal.DefaultFileLockManager] Waiting to acquire shared lock on daemon addresses registry.
2021-07-25T19:44:58.741+0530 [DEBUG] [org.gradle.cache.internal.DefaultFileLockManager] Lock acquired on daemon addresses registry.
2021-07-25T19:44:58.742+0530 [DEBUG] [org.gradle.cache.internal.DefaultFileLockManager] Releasing lock on daemon addresses registry.
2021-07-25T19:44:58.742+0530 [DEBUG] [org.gradle.cache.internal.DefaultFileLockManager] Waiting to acquire shared lock on daemon addresses registry.
2021-07-25T19:44:58.743+0530 [DEBUG] [org.gradle.cache.internal.DefaultFileLockManager] Lock acquired on daemon addresses registry.
2021-07-25T19:44:58.743+0530 [DEBUG] [org.gradle.cache.internal.DefaultFileLockManager] Releasing lock on daemon addresses registry.
2021-07-25T19:45:02.881+0530 [DEBUG] [org.gradle.process.internal.health.memory.DefaultMemoryManager] 848204185 memory requested, 592015360 free
2021-07-25T19:45:02.881+0530 [DEBUG] [org.gradle.workers.internal.WorkerDaemonExpiration] Will attempt to release 808 of memory
2021-07-25T19:45:02.882+0530 [DEBUG] [org.gradle.process.internal.health.memory.DefaultMemoryManager] 848204185 memory requested, 0 released, 592015360 free
2021-07-25T19:45:07.871+0530 [DEBUG] [org.gradle.process.internal.health.memory.DefaultMemoryManager] 848204185 memory requested, 601481216 free
2021-07-25T19:45:07.871+0530 [DEBUG] [org.gradle.workers.internal.WorkerDaemonExpiration] Will attempt to release 808 of memory
2021-07-25T19:45:07.871+0530 [DEBUG] [org.gradle.process.internal.health.memory.DefaultMemoryManager] 848204185 memory requested, 0 released, 601481216 free
2021-07-25T19:45:08.748+0530 [DEBUG] [org.gradle.cache.internal.DefaultFileLockManager] Waiting to acquire shared lock on daemon addresses registry.
2021-07-25T19:45:08.748+0530 [DEBUG] [org.gradle.cache.internal.DefaultFileLockManager] Lock acquired on daemon addresses registry.
2021-07-25T19:45:08.748+0530 [DEBUG] [org.gradle.cache.internal.DefaultFileLockManager] Releasing lock on daemon addresses registry.
2021-07-25T19:45:08.749+0530 [DEBUG] [org.gradle.cache.internal.DefaultFileLockManager] Waiting to acquire shared lock on daemon addresses registry.
2021-07-25T19:45:08.749+0530 [DEBUG] [org.gradle.cache.internal.DefaultFileLockManager] Lock acquired on daemon addresses registry.
2021-07-25T19:45:08.749+0530 [DEBUG] [org.gradle.cache.internal.DefaultFileLockManager] Releasing lock on daemon addresses registry.
2021-07-25T19:45:08.750+0530 [DEBUG] [org.gradle.cache.internal.DefaultFileLockManager] Waiting to acquire shared lock on daemon addresses registry.
2021-07-25T19:45:08.750+0530 [DEBUG] [org.gradle.cache.internal.DefaultFileLockManager] Lock acquired on daemon addresses registry.
2021-07-25T19:45:08.751+0530 [DEBUG] [org.gradle.cache.internal.DefaultFileLockManager] Releasing lock on daemon addresses registry.
2021-07-25T19:45:12.890+0530 [DEBUG] [org.gradle.process.internal.health.memory.DefaultMemoryManager] 848204185 memory requested, 510590976 free
2021-07-25T19:45:12.891+0530 [DEBUG] [org.gradle.workers.internal.WorkerDaemonExpiration] Will attempt to release 808 of memory
2021-07-25T19:45:12.891+0530 [DEBUG] [org.gradle.process.internal.health.memory.DefaultMemoryManager] 848204185 memory requested, 0 released, 510590976 free
2021-07-25T19:45:15.305+0530 [DEBUG] [org.gradle.cache.internal.LockOnDemandCrossProcessCacheAccess] Lock on journal cache (C:\Users\hp\AndroidStudioProjects\m8-calculator\caches\journal-1) requested by another process - releasing lock.
2021-07-25T19:45:15.306+0530 [DEBUG] [org.gradle.cache.internal.LockOnDemandCrossProcessCacheAccess] Releasing file lock for journal cache (C:\Users\hp\AndroidStudioProjects\m8-calculator\caches\journal-1)
2021-07-25T19:45:15.306+0530 [DEBUG] [org.gradle.cache.internal.btree.BTreePersistentIndexedCache] Closing cache file-access.bin (C:\Users\hp\AndroidStudioProjects\m8-calculator\caches\journal-1\file-access.bin)
2021-07-25T19:45:15.306+0530 [DEBUG] [org.gradle.cache.internal.DefaultFileLockManager] Releasing lock on journal cache (C:\Users\hp\AndroidStudioProjects\m8-calculator\caches\journal-1).
2021-07-25T19:45:15.307+0530 [DEBUG] [org.gradle.cache.internal.locklistener.FileLockCommunicator] Confirming lock release to Gradle process at port 52056 for lock with id 1651626077100292292.
2021-07-25T19:45:15.307+0530 [DEBUG] [org.gradle.cache.internal.locklistener.FileLockCommunicator] Confirming lock release to Gradle process at port 52056 for lock with id 1651626077100292292.
2021-07-25T19:45:15.327+0530 [DEBUG] [org.gradle.cache.internal.LockOnDemandCrossProcessCacheAccess] Lock on file hash cache (C:\Users\hp\AndroidStudioProjects\m8-calculator\caches\6.3\fileHashes) requested by another process - releasing lock.
2021-07-25T19:45:15.328+0530 [DEBUG] [org.gradle.cache.internal.LockOnDemandCrossProcessCacheAccess] Releasing file lock for file hash cache (C:\Users\hp\AndroidStudioProjects\m8-calculator\caches\6.3\fileHashes)
2021-07-25T19:45:15.328+0530 [DEBUG] [org.gradle.cache.internal.btree.BTreePersistentIndexedCache] Closing cache fileHashes.bin (C:\Users\hp\AndroidStudioProjects\m8-calculator\caches\6.3\fileHashes\fileHashes.bin)
2021-07-25T19:45:15.328+0530 [DEBUG] [org.gradle.cache.internal.btree.BTreePersistentIndexedCache] Closing cache resourceHashesCache.bin (C:\Users\hp\AndroidStudioProjects\m8-calculator\caches\6.3\fileHashes\resourceHashesCache.bin)
2021-07-25T19:45:15.329+0530 [DEBUG] [org.gradle.cache.internal.DefaultFileLockManager] Releasing lock on file hash cache (C:\Users\hp\AndroidStudioProjects\m8-calculator\caches\6.3\fileHashes).
2021-07-25T19:45:15.330+0530 [DEBUG] [org.gradle.cache.internal.locklistener.FileLockCommunicator] Confirming lock release to Gradle process at port 52056 for lock with id -3337573538009951773.
2021-07-25T19:45:15.330+0530 [DEBUG] [org.gradle.cache.internal.locklistener.FileLockCommunicator] Confirming lock release to Gradle process at port 52056 for lock with id -3337573538009951773.
2021-07-25T19:45:17.399+0530 [DEBUG] [org.gradle.cache.internal.LockOnDemandCrossProcessCacheAccess] Lock on execution history cache (C:\Users\hp\AndroidStudioProjects\m8-calculator\caches\6.3\executionHistory) requested by another process - releasing lock.
2021-07-25T19:45:17.399+0530 [DEBUG] [org.gradle.cache.internal.LockOnDemandCrossProcessCacheAccess] Releasing file lock for execution history cache (C:\Users\hp\AndroidStudioProjects\m8-calculator\caches\6.3\executionHistory)
2021-07-25T19:45:17.400+0530 [DEBUG] [org.gradle.cache.internal.btree.BTreePersistentIndexedCache] Closing cache executionHistory.bin (C:\Users\hp\AndroidStudioProjects\m8-calculator\caches\6.3\executionHistory\executionHistory.bin)
2021-07-25T19:45:17.401+0530 [DEBUG] [org.gradle.cache.internal.DefaultFileLockManager] Releasing lock on execution history cache (C:\Users\hp\AndroidStudioProjects\m8-calculator\caches\6.3\executionHistory).
2021-07-25T19:45:17.401+0530 [DEBUG] [org.gradle.cache.internal.locklistener.FileLockCommunicator] Confirming lock release to Gradle process at port 52056 for lock with id -3203619604695030094.
2021-07-25T19:45:17.402+0530 [DEBUG] [org.gradle.cache.internal.locklistener.FileLockCommunicator] Confirming lock release to Gradle process at port 52056 for lock with id -3203619604695030094.
2021-07-25T19:45:17.923+0530 [DEBUG] [org.gradle.process.internal.health.memory.DefaultMemoryManager] 848204185 memory requested, 454483968 free
2021-07-25T19:45:17.923+0530 [DEBUG] [org.gradle.workers.internal.WorkerDaemonExpiration] Will attempt to release 808 of memory
2021-07-25T19:45:17.924+0530 [DEBUG] [org.gradle.process.internal.health.memory.DefaultMemoryManager] 848204185 memory requested, 0 released, 454483968 free
2021-07-25T19:45:18.760+0530 [DEBUG] [org.gradle.cache.internal.DefaultFileLockManager] Waiting to acquire shared lock on daemon addresses registry.
2021-07-25T19:45:18.760+0530 [DEBUG] [org.gradle.cache.internal.DefaultFileLockManager] Lock acquired on daemon addresses registry.
2021-07-25T19:45:18.760+0530 [DEBUG] [org.gradle.cache.internal.DefaultFileLockManager] Releasing lock on daemon addresses registry.
2021-07-25T19:45:18.762+0530 [DEBUG] [org.gradle.cache.internal.DefaultFileLockManager] Waiting to acquire shared lock on daemon addresses registry.
2021-07-25T19:45:18.762+0530 [DEBUG] [org.gradle.cache.internal.DefaultFileLockManager] Lock acquired on daemon addresses registry.
2021-07-25T19:45:18.763+0530 [DEBUG] [org.gradle.cache.internal.DefaultFileLockManager] Releasing lock on daemon addresses registry.
2021-07-25T19:45:18.764+0530 [DEBUG] [org.gradle.cache.internal.DefaultFileLockManager] Waiting to acquire shared lock on daemon addresses registry.
2021-07-25T19:45:18.764+0530 [DEBUG] [org.gradle.cache.internal.DefaultFileLockManager] Lock acquired on daemon addresses registry.
2021-07-25T19:45:18.764+0530 [DEBUG] [org.gradle.cache.internal.DefaultFileLockManager] Releasing lock on daemon addresses registry.
2021-07-25T19:45:22.939+0530 [DEBUG] [org.gradle.process.internal.health.memory.DefaultMemoryManager] 848204185 memory requested, 333512704 free
2021-07-25T19:45:22.939+0530 [DEBUG] [org.gradle.workers.internal.WorkerDaemonExpiration] Will attempt to release 808 of memory
2021-07-25T19:45:22.939+0530 [DEBUG] [org.gradle.process.internal.health.memory.DefaultMemoryManager] 848204185 memory requested, 0 released, 333512704 free
2021-07-25T19:45:25.372+0530 [DEBUG] [org.gradle.cache.internal.LockOnDemandCrossProcessCacheAccess] Lock on artifact cache (C:\Users\hp\AndroidStudioProjects\m8-calculator\caches\modules-2) requested by another process - releasing lock.
2021-07-25T19:45:25.372+0530 [DEBUG] [org.gradle.cache.internal.LockOnDemandCrossProcessCacheAccess] Releasing file lock for artifact cache (C:\Users\hp\AndroidStudioProjects\m8-calculator\caches\modules-2)
2021-07-25T19:45:25.372+0530 [DEBUG] [org.gradle.cache.internal.btree.BTreePersistentIndexedCache] Closing cache module-metadata.bin (C:\Users\hp\AndroidStudioProjects\m8-calculator\caches\modules-2\metadata-2.95\module-metadata.bin)
2021-07-25T19:45:25.373+0530 [DEBUG] [org.gradle.cache.internal.btree.BTreePersistentIndexedCache] Closing cache module-artifacts.bin (C:\Users\hp\AndroidStudioProjects\m8-calculator\caches\modules-2\metadata-2.95\module-artifacts.bin)
2021-07-25T19:45:25.373+0530 [DEBUG] [org.gradle.cache.internal.btree.BTreePersistentIndexedCache] Closing cache module-artifact.bin (C:\Users\hp\AndroidStudioProjects\m8-calculator\caches\modules-2\metadata-2.95\module-artifact.bin)
2021-07-25T19:45:25.374+0530 [DEBUG] [org.gradle.cache.internal.btree.BTreePersistentIndexedCache] Closing cache resource-at-url.bin (C:\Users\hp\AndroidStudioProjects\m8-calculator\caches\modules-2\metadata-2.95\resource-at-url.bin)
2021-07-25T19:45:25.374+0530 [DEBUG] [org.gradle.cache.internal.DefaultFileLockManager] Releasing lock on artifact cache (C:\Users\hp\AndroidStudioProjects\m8-calculator\caches\modules-2).
2021-07-25T19:45:25.375+0530 [DEBUG] [org.gradle.cache.internal.locklistener.FileLockCommunicator] Confirming lock release to Gradle process at port 52056 for lock with id 8000397347904144972.
2021-07-25T19:45:25.375+0530 [DEBUG] [org.gradle.cache.internal.locklistener.FileLockCommunicator] Confirming lock release to Gradle process at port 52056 for lock with id 8000397347904144972.
2021-07-25T19:45:27.879+0530 [DEBUG] [org.gradle.process.internal.health.memory.DefaultMemoryManager] 848204185 memory requested, 302661632 free
2021-07-25T19:45:27.879+0530 [DEBUG] [org.gradle.workers.internal.WorkerDaemonExpiration] Will attempt to release 808 of memory
2021-07-25T19:45:27.879+0530 [DEBUG] [org.gradle.process.internal.health.memory.DefaultMemoryManager] 848204185 memory requested, 0 released, 302661632 free
2021-07-25T19:45:28.742+0530 [DEBUG] [org.gradle.cache.internal.DefaultFileLockManager] Waiting to acquire shared lock on daemon addresses registry.
2021-07-25T19:45:28.747+0530 [DEBUG] [org.gradle.cache.internal.DefaultFileLockManager] Lock acquired on daemon addresses registry.
2021-07-25T19:45:28.748+0530 [DEBUG] [org.gradle.cache.internal.DefaultFileLockManager] Releasing lock on daemon addresses registry.
2021-07-25T19:45:28.778+0530 [DEBUG] [org.gradle.cache.internal.DefaultFileLockManager] Waiting to acquire shared lock on daemon addresses registry.
2021-07-25T19:45:28.778+0530 [DEBUG] [org.gradle.cache.internal.DefaultFileLockManager] Lock acquired on daemon addresses registry.
2021-07-25T19:45:28.779+0530 [DEBUG] [org.gradle.cache.internal.DefaultFileLockManager] Releasing lock on daemon addresses registry.
2021-07-25T19:45:28.780+0530 [DEBUG] [org.gradle.cache.internal.DefaultFileLockManager] Waiting to acquire shared lock on daemon addresses registry.
2021-07-25T19:45:28.780+0530 [DEBUG] [org.gradle.cache.internal.DefaultFileLockManager] Lock acquired on daemon addresses registry.
2021-07-25T19:45:28.780+0530 [DEBUG] [org.gradle.cache.internal.DefaultFileLockManager] Releasing lock on daemon addresses registry.
2021-07-25T19:45:32.924+0530 [DEBUG] [org.gradle.process.internal.health.memory.DefaultMemoryManager] 848204185 memory requested, 280371200 free
2021-07-25T19:45:32.925+0530 [DEBUG] [org.gradle.workers.internal.WorkerDaemonExpiration] Will attempt to release 808 of memory
2021-07-25T19:45:32.925+0530 [DEBUG] [org.gradle.process.internal.health.memory.DefaultMemoryManager] 848204185 memory requested, 0 released, 280371200 free
2021-07-25T19:45:37.892+0530 [DEBUG] [org.gradle.process.internal.health.memory.DefaultMemoryManager] 848204185 memory requested, 293433344 free
2021-07-25T19:45:37.892+0530 [DEBUG] [org.gradle.workers.internal.WorkerDaemonExpiration] Will attempt to release 808 of memory
2021-07-25T19:45:37.893+0530 [DEBUG] [org.gradle.process.internal.health.memory.DefaultMemoryManager] 848204185 memory requested, 0 released, 293433344 free
2021-07-25T19:45:38.757+0530 [DEBUG] [org.gradle.cache.internal.DefaultFileLockManager] Waiting to acquire shared lock on daemon addresses registry.
2021-07-25T19:45:38.765+0530 [DEBUG] [org.gradle.cache.internal.DefaultFileLockManager] Lock acquired on daemon addresses registry.
2021-07-25T19:45:38.766+0530 [DEBUG] [org.gradle.cache.internal.DefaultFileLockManager] Releasing lock on daemon addresses registry.
2021-07-25T19:45:38.767+0530 [DEBUG] [org.gradle.cache.internal.DefaultFileLockManager] Waiting to acquire shared lock on daemon addresses registry.
2021-07-25T19:45:38.767+0530 [DEBUG] [org.gradle.cache.internal.DefaultFileLockManager] Lock acquired on daemon addresses registry.
2021-07-25T19:45:38.768+0530 [DEBUG] [org.gradle.cache.internal.DefaultFileLockManager] Releasing lock on daemon addresses registry.
2021-07-25T19:45:38.773+0530 [INFO] [org.gradle.launcher.daemon.server.health.LowMemoryDaemonExpirationStrategy] after free system memory (293.4 MB) fell below threshold of 424.1 MB
2021-07-25T19:45:38.775+0530 [DEBUG] [org.gradle.cache.internal.DefaultFileLockManager] Waiting to acquire shared lock on daemon addresses registry.
2021-07-25T19:45:38.775+0530 [DEBUG] [org.gradle.cache.internal.DefaultFileLockManager] Lock acquired on daemon addresses registry.
2021-07-25T19:45:38.777+0530 [DEBUG] [org.gradle.cache.internal.DefaultFileLockManager] Releasing lock on daemon addresses registry.
2021-07-25T19:45:38.778+0530 [DEBUG] [org.gradle.launcher.daemon.server.DaemonRegistryUpdater] Storing daemon stop event: after being idle for 3 minutes and not recently used and to reclaim system memory
2021-07-25T19:45:38.799+0530 [DEBUG] [org.gradle.launcher.daemon.registry.PersistentDaemonRegistry] Storing daemon stop event with timestamp 1627222538779
2021-07-25T19:45:38.803+0530 [DEBUG] [org.gradle.cache.internal.DefaultFileLockManager] Waiting to acquire exclusive lock on daemon addresses registry.
2021-07-25T19:45:38.804+0530 [DEBUG] [org.gradle.cache.internal.DefaultFileLockManager] Lock acquired on daemon addresses registry.
2021-07-25T19:45:38.806+0530 [DEBUG] [org.gradle.cache.internal.DefaultFileLockManager] Releasing lock on daemon addresses registry.
2021-07-25T19:45:38.806+0530 [LIFECYCLE] [org.gradle.launcher.daemon.server.DaemonStateCoordinator] Daemon will be stopped at the end of the build after being idle for 3 minutes and not recently used and to reclaim system memory
2021-07-25T19:45:38.807+0530 [DEBUG] [org.gradle.launcher.daemon.server.DaemonStateCoordinator] Marking daemon stopped due to after being idle for 3 minutes and not recently used and to reclaim system memory. The daemon is running a build: false
2021-07-25T19:45:38.807+0530 [DEBUG] [org.gradle.launcher.daemon.server.DaemonStateCoordinator] daemon has stopped.
2021-07-25T19:45:38.808+0530 [DEBUG] [org.gradle.launcher.daemon.server.Daemon] stop() called on daemon
2021-07-25T19:45:38.809+0530 [INFO] [org.gradle.launcher.daemon.server.Daemon] Stop requested. Daemon is removing its presence from the registry...
2021-07-25T19:45:38.811+0530 [DEBUG] [org.gradle.launcher.daemon.server.DaemonRegistryUpdater] Removing our presence to clients, eg. removing this address from the registry: [16d16796-45c0-4103-8ee8-d6ed71696d50 port:57948, addresses:[localhost/127.0.0.1]]
2021-07-25T19:45:38.813+0530 [DEBUG] [org.gradle.launcher.daemon.registry.PersistentDaemonRegistry] Removing daemon address: [16d16796-45c0-4103-8ee8-d6ed71696d50 port:57948, addresses:[localhost/127.0.0.1]]
2021-07-25T19:45:38.817+0530 [DEBUG] [org.gradle.cache.internal.DefaultFileLockManager] Waiting to acquire exclusive lock on daemon addresses registry.
2021-07-25T19:45:38.818+0530 [DEBUG] [org.gradle.cache.internal.DefaultFileLockManager] Lock acquired on daemon addresses registry.
2021-07-25T19:45:38.820+0530 [DEBUG] [org.gradle.cache.internal.DefaultFileLockManager] Releasing lock on daemon addresses registry.
2021-07-25T19:45:38.821+0530 [DEBUG] [org.gradle.launcher.daemon.server.DaemonRegistryUpdater] Address removed from registry.
2021-07-25T19:45:38.824+0530 [DEBUG] [org.gradle.cache.internal.LockOnDemandCrossProcessCacheAccess] Releasing file lock for jars (C:\Users\hp\AndroidStudioProjects\m8-calculator\caches\jars-3)
2021-07-25T19:45:38.824+0530 [DEBUG] [org.gradle.cache.internal.DefaultFileLockManager] Releasing lock on jars (C:\Users\hp\AndroidStudioProjects\m8-calculator\caches\jars-3).
2021-07-25T19:45:38.867+0530 [DEBUG] [org.gradle.cache.internal.LockOnDemandCrossProcessCacheAccess] Releasing file lock for file content cache (C:\Users\hp\AndroidStudioProjects\m8-calculator\caches\6.3\fileContent)
2021-07-25T19:45:38.867+0530 [DEBUG] [org.gradle.cache.internal.DefaultFileLockManager] Releasing lock on file content cache (C:\Users\hp\AndroidStudioProjects\m8-calculator\caches\6.3\fileContent).
2021-07-25T19:45:38.873+0530 [DEBUG] [org.gradle.cache.internal.LockOnDemandCrossProcessCacheAccess] Releasing file lock for Java compile cache (C:\Users\hp\AndroidStudioProjects\m8-calculator\caches\6.3\javaCompile)
2021-07-25T19:45:38.876+0530 [DEBUG] [org.gradle.cache.internal.btree.BTreePersistentIndexedCache] Closing cache jarAnalysis.bin (C:\Users\hp\AndroidStudioProjects\m8-calculator\caches\6.3\javaCompile\jarAnalysis.bin)
2021-07-25T19:45:38.906+0530 [DEBUG] [org.gradle.cache.internal.DefaultFileLockManager] Releasing lock on Java compile cache (C:\Users\hp\AndroidStudioProjects\m8-calculator\caches\6.3\javaCompile).
2021-07-25T19:45:38.928+0530 [DEBUG] [org.gradle.cache.internal.LockOnDemandCrossProcessCacheAccess] Releasing file lock for Artifact transforms cache (C:\Users\hp\AndroidStudioProjects\m8-calculator\caches\transforms-2)
2021-07-25T19:45:38.928+0530 [DEBUG] [org.gradle.cache.internal.DefaultFileLockManager] Releasing lock on Artifact transforms cache (C:\Users\hp\AndroidStudioProjects\m8-calculator\caches\transforms-2).
2021-07-25T19:45:38.934+0530 [DEBUG] [org.gradle.cache.internal.DefaultCacheAccess] Cache Generated Gradle JARs cache (C:\Users\hp\AndroidStudioProjects\m8-calculator\caches\6.3\generated-gradle-jars) was closed 0 times.
2021-07-25T19:45:38.997+0530 [DEBUG] [org.gradle.cache.internal.VersionSpecificCacheCleanupAction] Processed version-specific caches at C:\Users\hp\AndroidStudioProjects\m8-calculator\caches for cleanup in 0.058 secs
2021-07-25T19:45:39.036+0530 [DEBUG] [org.gradle.launcher.daemon.registry.PersistentDaemonRegistry] Removing daemon address: [16d16796-45c0-4103-8ee8-d6ed71696d50 port:57948, addresses:[localhost/127.0.0.1]]
Daemon vm is shutting down... The daemon has exited normally or was terminated in response to a user interrupt.
2021-07-25T19:45:39.039+0530 [DEBUG] [org.gradle.cache.internal.DefaultFileLockManager] Waiting to acquire exclusive lock on daemon addresses registry.
2021-07-25T19:45:39.040+0530 [DEBUG] [org.gradle.cache.internal.DefaultFileLockManager] Lock acquired on daemon addresses registry.
2021-07-25T19:45:39.043+0530 [DEBUG] [org.gradle.cache.internal.DefaultFileLockManager] Releasing lock on daemon addresses registry.
